11 -13.007039 -12.897712 -11.866160 9.493403 -10.711636 -15.565140 64.191505 -13.097686 -12.537508 -12.840737 69.367619 -12.395321 -14.350527 -13.783058
8 -0.737999 -1.287943 -1.165211 -1.303034 2.093422 1.363505 -0.458516 6.166056 0.669531 -1.246125 -1.555563 -1.497954 -0.597364 -0.442806
9 -0.655557 -0.808921 -1.163483 -0.249753 -0.396035 -0.222088 -0.463542 -0.860530 4.745493 -0.249318 0.454953 -0.106334 0.562859 -0.587744
1 38.378855 -3.273941 -2.766436 -1.964455 -1.722375 -3.040253 -4.412931 -3.455705 -2.285866 -3.164313 -3.394012 -2.499831 -4.001549 -2.397187
6 1.169164 -0.286769 0.753425 -0.222751 0.311220 2.371189 -2.497217 -0.133250 -0.391687 -0.801175 -0.039582 0.228127 -0.501710 0.041015
1 3.967920 -0.246889 -0.485956 -0.532847 0.191595 -0.242731 -0.848398 -0.737827 0.123793 -0.308164 -0.298926 0.529023 -0.551708 -0.558884
12 -0.523453 -0.918860 0.073427 0.325741 0.493333 1.606735 -0.408519 0.021229 -0.414142 -0.635465 -0.926509 1.621371 0.329794 -0.644681
5 0.477395 0.598861 -0.528015 0.699468 0.837520 0.688805 -0.761102 -0.961555 0.062293 -0.777116 -0.661397 0.317604 0.333743 -0.326504
5 -3.261807 -1.688722 -3.271176 -1.959885 32.347747 -0.657959 -5.266239 -2.426555 -2.108854 -2.490135 -3.861644 1.542074 -3.002491 -3.894355
5 -1.817798 -1.446474 -0.724348 -1.404023 21.948401 -2.256074 -1.697789 -2.222858 -1.690998 -1.719229 -2.093336 -1.778149 -1.591162 -1.506163
14 -0.350958 -0.634195 -0.081241 -0.346202 0.330238 -0.545201 -0.253653 0.215278 -0.133805 0.017722 -0.712316 0.822569 0.654942 1.016822
3 0.397900 0.086938 6.463026 0.344681 1.461471 -1.865711 -1.817051 -0.887691 -0.668132 0.150250 -1.600813 0.360178 -1.475122 -0.949924
3 -1.653357 -1.231668 23.574502 -3.760783 -2.528648 0.435481 -1.371480 -2.603073 -2.573144 -1.014366 -1.979843 -4.209584 -0.583791 -0.500245
4 -0.181535 -0.209494 0.231376 1.534412 -0.522736 -0.394701 0.723581 0.295887 -0.402511 -0.042983 -0.103306 -0.364778 -0.268401 -0.294811
1 107.743927 -9.411896 -7.725288 -8.739730 -8.234236 -8.113606 -8.644211 -9.494340 -7.747695 -8.729279 -8.128862 -6.435478 -10.403034 -5.936273
11 -3.660286 -2.500953 0.051943 -2.147354 -4.633274 -3.090063 -4.137463 -2.863948 -2.697029 -3.959291 37.149095 -1.797278 -1.671453 -4.042643
4 -0.217820 -0.566529 -0.694075 3.243374 -0.552800 0.744344 -0.352745 -0.345702 -0.169902 -0.222856 -0.442964 -0.388121 0.117052 -0.151257
12 -0.384780 -1.305652 -0.565204 0.549387 0.702613 -1.928266 -0.992807 -1.400591 -0.495461 -0.150079 0.145778 4.117008 0.291154 1.416900
14 -2.166516 -1.460800 -0.161547 -1.806830 -1.289472 -2.264493 -2.624979 -2.027345 -1.967682 -1.136741 -3.006127 -1.602117 -2.199630 23.714277
11 -2.345097 -3.103815 -3.259467 -2.687029 -3.323293 -3.141140 -1.869629 -1.932727 -3.193401 -3.383392 35.632601 -2.123566 -3.143058 -2.126985
3 -1.595997 -1.831402 20.855040 -0.913589 -1.402209 -1.109696 -1.210370 -0.584923 -1.627646 -1.411573 -1.418688 -3.793306 -1.433381 -2.522259
12 -0.222441 1.017366 0.139680 0.229734 -0.047874 -0.952712 -0.655951 -0.795603 -0.788642 -0.168093 0.149300 1.706088 -0.048797 0.437943
11 -0.802578 0.388870 -1.181681 -1.041716 0.897212 0.401341 -0.077895 -1.182333 0.417588 0.380088 1.885682 -0.601637 -0.592669 1.109727
9 -1.678532 0.985420 -1.263891 -1.189626 -0.869062 0.194448 -0.347528 -0.779585 5.152784 0.230260 0.246433 -0.061837 -1.577256 0.957974
5 -0.970463 0.361687 0.488260 -0.218898 0.676267 -0.649951 -0.259059 0.156732 -0.053273 0.256389 0.037986 -0.383976 0.228222 0.330076
8 -2.181601 -1.096368 -1.182129 0.221872 -0.292618 -1.232745 -0.517342 9.777784 -0.190408 -0.800677 -1.025125 -0.547807 -1.133853 0.201016
14 -2.829614 0.099699 -2.544986 -1.261181 -2.025932 -1.845206 -2.961928 -2.505956 -2.324498 -3.160473 -2.204663 -2.675649 -1.493868 27.734254
2 -1.031283 20.738327 -3.286517 -0.802454 -0.143104 -1.730800 -2.430082 -1.545522 -2.100390 -1.994142 -1.224179 -1.372814 -0.202660 -2.874380
1 64.020959 -6.194996 -5.300666 -5.364162 -4.654679 -3.299769 -5.437809 -4.492695 -4.328997 -5.109240 -3.862777 -4.733840 -6.312766 -4.928563
10 0.122093 -0.094981 -0.229896 -0.594719 0.241985 -0.653227 0.288294 -0.405979 -0.278559 1.217663 0.057803 -0.500770 0.768273 0.062020
5 -2.003824 -0.824054 -1.324102 -0.791968 20.473181 -2.401422 -1.807506 -1.487290 -1.671684 -1.671920 -1.372540 -1.789223 -1.586146 -1.741501
6 0.539936 -0.469309 -0.271844 -0.350428 -0.309066 0.821182 -0.439951 -0.011612 0.323726 -0.342567 -0.010868 -0.652801 0.503292 0.670309
6 -1.745340 -1.264221 -0.871320 -2.619876 -1.070619 9.660778 1.790679 0.092236 -1.905808 -1.489732 -1.102424 -0.983041 -1.761116 3.269805
14 -4.685707 -2.632113 -3.756799 -3.051130 -0.925853 -3.763435 -5.224955 -4.001314 -3.187803 -5.209311 -4.650442 -0.998496 -3.064374 45.151734
7 -5.900370 -5.305957 -5.292192 -5.158000 -4.786491 -7.482537 71.282756 -5.029075 -5.780198 -5.015930 -5.216884 -4.620063 -6.391140 -5.303921
14 -1.052492 -4.592532 -2.366260 -1.678133 -2.714298 -2.089165 0.119660 -0.060408 -1.559221 -0.409928 -2.388056 0.790091 -2.168609 20.169352
2 -0.131495 4.380731 -1.165174 -0.400902 -2.928368 -1.341554 -0.757895 -1.614810 -0.224554 1.370214 1.281925 -1.392948 3.507641 -0.582812
2 -3.051950 24.323430 -3.125204 -1.947734 -2.844931 -2.834401 -0.236447 -2.591110 -1.901626 -2.375442 6.374051 -3.256652 -3.087398 -3.444586
2 -2.954669 25.492855 -1.819577 -1.172796 -2.448689 -1.456615 -1.126894 -2.728312 -1.873878 -1.762027 -1.837016 -2.235175 -1.262471 -2.814733
1 3.026743 -0.704494 0.598589 -0.439504 -0.302908 -0.029543 -0.150662 -0.060424 -0.393487 -0.378273 -0.314993 -0.605793 -0.369422 0.124170
6 -4.649138 -5.263571 -4.859351 -4.146731 -4.923524 53.803969 -1.234471 -3.922373 -4.724110 -3.149540 -3.340960 -5.535163 -4.419369 -3.635666
3 -0.642263 -2.077772 10.448454 -0.268758 -0.276778 -2.847039 -1.472037 -0.931082 -1.523507 0.895347 0.367740 0.260982 -0.676611 -1.256678
13 0.283227 -0.310837 -2.769491 -0.999785 -0.447934 -2.280072 -0.826144 1.147323 -0.386884 -1.378750 -1.492535 -0.594399 11.534014 -1.477734
3 -3.306283 -3.269754 40.074597 -2.505615 -3.141857 -3.040900 -3.130282 -2.872185 -3.352712 -2.956568 -3.492833 -2.727978 -3.807590 -2.470042
6 -3.708756 -3.078758 -2.613502 -1.212392 -3.072737 31.733158 -2.541756 -2.476624 -1.298237 -3.516713 -2.682002 -1.988809 -0.289875 -3.252996
12 -0.958495 -0.561591 -0.945515 -0.383445 0.372698 0.287627 -0.281512 -1.625892 0.343866 0.674763 0.483149 3.949084 -1.224884 -0.129852
14 -0.891446 -1.572292 0.286181 0.386104 0.290597 0.780040 -0.666075 -0.385800 -0.012892 0.615193 -0.300664 0.103896 -0.318241 1.685400
13 0.729674 -1.398844 -0.541304 0.413183 0.511896 -0.491818 -0.994274 -1.034219 -0.843469 0.166362 -2.059744 -0.705073 6.349747 -0.102115
11 -2.373825 12.545071 -1.875459 -1.757120 -2.975864 -1.936522 -2.630809 -2.392724 -1.518261 -2.440747 14.264043 -2.032284 -1.946500 -2.929000
13 1.990451 -1.176032 -0.578198 -0.344493 0.132352 -2.362682 -0.070244 -0.030011 0.083931 -0.092561 -0.557958 -0.150189 3.931758 -0.776123
14 -0.606059 -0.544035 -0.750748 -1.169550 0.073764 -1.842838 0.016176 -1.661604 -0.862085 0.126409 -0.071851 0.117832 -0.649020 7.823609
14 0.295246 -0.038567 -0.724884 -0.733972 -0.169849 0.052682 -1.039782 0.843538 -0.323463 -0.029138 0.598199 0.569864 -0.814173 1.514298
14 -1.346453 -2.660480 -1.297203 -1.231824 -1.284293 -1.711461 -4.790558 -2.091193 -2.793724 -2.179972 -3.201201 -1.327180 -1.674428 27.589970
11 -5.375152 -5.876416 -6.285179 -4.626003 -5.879572 -5.009552 -4.586685 -5.375176 -3.552751 -3.671684 65.530093 -4.783075 -5.113702 -5.395143
7 -0.551094 0.075888 -0.931552 0.726349 -1.451178 -0.075590 8.427380 -1.436836 -1.029377 -0.865448 0.057978 -0.785999 -1.472051 -0.688472
6 -5.813193 -4.532022 -4.687128 -4.865389 -5.099134 62.601405 -5.213533 -5.676594 -5.173502 -4.928420 -2.582385 -3.888533 -5.842219 -4.299351
4 -4.163092 -5.784776 -3.246843 59.009474 -6.349544 -4.469548 -4.100362 -3.831975 -5.358090 -3.883780 -3.645829 -4.444965 -5.561353 -4.169315
4 -4.454854 -5.086161 -4.251387 59.264456 -6.050137 -4.885192 -3.867137 -4.080911 -4.279548 -4.230935 -3.816914 -4.738350 -4.747933 -4.774997
4 -2.661032 -1.967068 -2.185334 22.348778 -2.558754 -2.990023 -0.397095 -0.858041 -2.370679 -1.343106 -1.390039 -1.893521 -1.425937 -0.308151
7 -6.100759 -5.079197 -7.740905 -6.897084 -8.991965 -7.929761 92.219039 -7.777320 -5.508858 -6.491337 -7.898475 -7.113165 -7.936868 -6.753348
7 -7.741864 -6.028203 -7.776809 -6.997564 -7.205714 -9.032380 85.141460 -6.333736 -6.767166 -4.880300 -4.862239 -7.322430 -4.498910 -5.694149
7 0.421279 -1.866284 -0.657631 -0.467393 -1.373584 -1.101901 15.682627 -2.469609 -1.780362 -2.102420 -1.520927 -1.162940 -1.137412 -0.463443
7 -5.890118 -8.584520 -6.990403 -6.082230 -9.530925 -9.392607 94.722303 -6.893405 -7.114407 -6.392804 -4.370776 -7.322811 -7.970303 -8.186997
7 -7.345940 -6.785933 -7.404824 -7.640518 -6.594511 -5.058299 78.384446 -4.533034 -6.760850 -6.644933 -4.287489 -5.997693 -5.413704 -3.916718
6 -4.904803 -3.752564 -4.645801 -5.158559 -6.896445 59.578858 -5.403434 -3.716784 -3.298106 -4.264907 -4.074588 -5.174689 -4.536428 -3.751747
3 -1.263155 -1.348957 10.445461 -0.849549 -1.635352 -1.588063 -1.129612 -0.749734 4.132634 -2.304653 -0.307283 -1.069111 -1.001754 -1.330872
2 -0.976670 2.075637 -0.207588 -0.558852 0.297694 1.762265 0.271671 -1.367194 -0.683138 -0.734080 0.535366 0.719506 -1.000797 -0.133821
8 -1.276643 -0.657575 0.588401 -1.665684 0.665781 -1.151500 -0.570210 10.995024 -0.226336 -2.275357 -0.756633 -0.709026 -1.325992 -1.634249
8 -0.266487 0.022505 -1.316667 1.420190 -1.037739 -1.585420 -0.252728 2.968194 0.700266 -0.934183 0.033677 0.111693 0.591816 -0.455117
14 -1.121241 1.290545 -0.414594 0.229819 -1.194350 0.964408 -1.611527 -1.731903 0.174847 0.009667 -1.256179 -1.782201 3.099374 3.343335
4 -4.937549 -4.132053 -4.978481 60.349442 -7.444347 -4.979900 -2.996526 -4.289940 -4.297351 -4.994146 -4.804333 -5.432567 -1.296611 -5.765637
4 -4.900993 -5.859935 -4.196448 59.644161 -6.270911 -4.910553 -5.330406 -4.130770 -4.345318 -3.662047 -3.734501 -4.890861 -3.140470 -4.270945
4 -5.148033 -5.206716 -4.430108 59.449589 -6.416850 -4.393508 -4.320876 -4.012995 -3.262368 -4.118910 -4.217765 -4.026522 -5.391586 -4.503350
11 -3.379267 -3.288049 -2.225972 -2.899138 -1.378950 -1.468336 -4.000986 -2.953112 -2.549345 -3.006254 35.488828 -2.516732 -2.915260 -2.907424
11 -0.753590 -0.302155 -1.125943 -0.840953 -0.396579 -0.984880 2.278296 0.427215 -1.375543 -0.343025 3.122847 -0.080034 0.437002 -0.062656
3 -0.645530 -1.477585 6.471016 -1.556111 0.669120 -0.455899 -0.493119 -1.083562 -0.066003 0.307823 -0.355332 0.719661 -0.210418 -1.824062
4 -3.958689 -5.107609 -4.249382 59.641208 -5.542438 -4.498881 -5.072510 -4.455027 -4.894107 -4.690424 -3.644936 -4.763720 -4.714170 -4.049315
5 -3.831703 -1.691291 -2.299245 -2.402035 38.635101 -4.502060 -5.507335 -2.690383 -2.326776 -2.364591 -3.082518 -2.339831 -2.875550 -2.721783
6 -0.158710 0.488004 -0.899446 -0.674645 0.013043 1.517663 -0.547114 0.215315 0.646198 -0.956763 -0.933400 -1.126043 1.294908 1.120991
13 -0.351473 0.494034 -0.457026 0.174282 0.048655 -0.045729 0.410692 -0.962886 -0.166828 0.195386 -0.277905 0.195559 1.194740 -0.451503
11 -4.535168 -2.863857 -2.468335 -2.814417 -3.489649 -3.399860 -2.774430 -3.055379 -2.883611 -4.485482 43.128810 -2.534831 -3.646131 -4.177659
11 -5.468728 -5.024099 -4.576558 -4.550829 -6.585426 -6.215934 -3.868847 -5.008877 -4.696338 -5.715520 68.036552 -4.764782 -5.762643 -5.797968
11 2.351438 -2.932364 -2.389026 -0.447414 -2.085802 -0.434670 -1.524346 -0.908240 -1.375115 -3.692263 17.114656 0.956890 -2.209595 -2.424147
6 0.116648 0.348256 0.431639 -0.363128 0.296824 2.280685 -1.061149 -0.719633 -0.474124 -0.247474 -0.347519 -1.131517 0.851076 0.019416
1 55.334659 -3.445290 -4.427360 -5.634883 -4.567603 -4.579067 -4.302564 -4.361378 -5.113728 -4.781946 -4.050447 -4.664089 -3.262182 -2.144123
13 -0.681477 -2.651372 0.974265 -1.277530 0.061544 -0.199149 -0.610887 -1.597270 -1.388113 -0.682285 0.309068 -1.220333 9.236072 -0.272533
3 -1.236649 -2.328475 6.463877 1.236034 -0.375901 -0.800618 -0.395060 -2.438192 -0.328688 0.565741 -1.065298 -1.186222 0.307874 1.581577
4 -3.868500 -4.428403 -4.493453 59.860058 -5.809423 -6.144439 -4.483369 -4.579680 -4.900477 -4.790088 -3.945831 -5.154389 -4.490752 -2.771252
4 -2.587038 -3.794620 -4.351541 58.914829 -5.914078 -3.877929 -3.967354 -5.195824 -4.589352 -4.709438 -4.052564 -3.628413 -7.106250 -5.140425
2 -1.443906 18.832711 -1.298736 -0.770237 -1.680224 -1.687558 -2.061349 -2.441926 -2.422737 -1.318538 -2.090885 -0.741700 -0.866774 -0.008140
3 -1.033428 -0.541472 7.687222 0.606341 -0.897605 -1.062859 -0.947971 -1.074366 -0.691987 0.320393 -0.848522 0.121048 -0.955060 -0.681734
1 0.000000 0.000000 0.000000 0.000000 0.000000 0.000000 0.000000 0.000000 0.000000 0.000000 0.000000 0.000000 0.000000 0.000000
2 -1.031011 10.858366 -0.603869 -0.550230 -0.935787 -0.536227 -1.521251 -0.799216 -0.552909 -0.582697 -0.478890 -2.010384 -0.545552 -0.710344
13 0.216853 -0.360479 0.138863 -0.104021 0.111371 1.261639 -0.474779 -0.633189 -0.965153 -0.447101 -0.638094 -0.560317 3.078717 -0.624309
1 59.479061 -6.423066 -3.905730 -3.632763 -4.519229 -3.510202 -2.277480 -4.767265 -5.130579 -5.424127 -5.937728 -4.499240 -4.200588 -5.251063
7 -5.415007 -7.074894 -6.168790 -7.629357 -8.457604 -8.983726 93.898255 -8.957630 -6.507482 -6.547754 -5.940770 -7.502547 -5.996624 -8.716071
6 -10.642697 -8.089685 0.358788 -8.189396 -7.780272 92.860025 -8.445880 -4.162045 -7.001282 -7.279408 -9.359775 -8.055255 -6.923060 -7.290053
6 0.380030 -1.088531 -0.101551 0.537604 0.025342 0.616031 -0.213382 0.083338 -0.250397 0.273444 -0.058057 0.029343 -0.525444 0.292230
13 -1.345124 -0.958626 -0.749878 -0.582571 1.648911 0.920908 -1.974889 -0.720662 0.048847 -1.246960 -0.276968 -1.801186 7.629453 -0.591256
1 60.833014 -5.731609 -4.936685 -5.712997 -3.677416 -3.817872 -4.632689 -6.679188 -3.825881 -5.045427 -4.302624 -3.739519 -5.838895 -2.892211
11 -0.776092 0.165717 0.137658 -0.538650 0.409523 -0.430760 0.005166 0.345943 -0.141844 -0.013534 0.477644 -0.036480 -0.081111 0.476820
10 -0.003258 -0.976678 0.630887 -0.383315 -1.399671 -0.337417 1.529347 -1.098534 -0.783059 4.457354 -0.343378 -0.857007 -1.129868 0.694598
2 0.710707 18.237477 -1.588192 -2.692104 -0.752209 -2.277787 -1.405225 -0.994612 -1.003706 -1.567725 -2.057727 -1.842420 -2.301760 -0.464718
8 -1.523560 -1.776677 -1.110187 -1.678773 3.054170 -1.929437 -2.043425 18.194316 -2.315053 -0.701688 -1.284614 -2.060879 -1.428599 -3.395593
7 -3.227043 -5.142387 -4.982218 -7.004513 -5.576447 -5.365857 71.852429 -5.645855 -5.591582 -7.582870 -7.242789 -6.046347 -2.315930 -6.128595
2 -0.006585 0.399521 0.000000 -0.032106 0.000000 -0.038144 0.000000 0.399521 -0.198171 -0.020026 -0.189797 -0.075764 -0.185046 -0.053403
11 -1.795046 -2.683428 -1.071871 -1.250767 2.201886 -2.183259 -3.289716 -1.355048 -0.922607 -0.594891 17.026703 -1.654585 -1.586197 -0.841174
10 0.298585 -1.245380 -1.858519 0.142920 -1.253619 0.378194 0.245364 -0.410346 -0.836920 4.845049 -1.337454 -0.484169 2.022144 -0.505849
14 -2.401303 -1.612186 -4.057426 -3.438463 -3.286264 -3.444489 -1.942491 -2.637951 -3.784542 -3.926793 -3.390265 -1.444172 -3.213694 38.580037
13 -0.255831 -1.274335 1.626314 -0.143077 -0.314124 -0.308814 -0.481893 -1.344750 -0.756851 0.028533 -0.280112 -0.955852 4.979180 -0.518388
2 15.400271 60.782742 -6.324891 -6.794557 -7.653835 -4.915911 -6.571003 -6.787835 -6.906980 -6.757103 -2.723377 -6.608947 -6.630378 -7.508194
6 -0.171279 -0.111321 -0.172534 -0.304344 -0.466194 1.544856 -0.182666 0.002590 0.914250 -0.302399 0.000000 -0.127397 -0.024084 -0.599478
2 -2.437087 23.412581 -1.863220 -2.146466 -1.279719 -0.920182 -1.196515 -2.496242 -1.428264 -1.801658 -1.783966 -2.250672 -1.978731 -1.829858
4 -0.126266 -0.022328 0.000000 0.371098 0.000000 -0.061555 -0.056196 -0.203287 0.329587 -0.086902 -0.153749 0.307182 -0.297585 0.000000
4 -7.612307 -5.610774 -7.337187 57.111630 -9.975015 27.768562 -6.841164 -6.410297 -8.691863 -7.610515 -5.885879 -7.444066 -5.232707 -6.228415
1 94.192555 -7.368032 -7.837531 -7.394511 -7.842850 -6.828381 -7.092266 -7.346364 -7.083673 -7.805283 -6.349433 -7.777329 -7.097091 -6.369812
1 80.650256 -5.841198 -5.442667 -5.868801 -6.967125 -6.366781 -7.644084 -6.708866 -5.613675 -5.601876 -5.101845 -6.690812 -6.304116 -6.498410
1 65.653926 -4.781961 -4.853095 -5.491407 -5.787318 -4.662547 -4.809730 -5.776985 -4.224454 -3.904378 -5.652486 -4.513869 -5.620599 -5.575095
9 -1.615953 0.390871 -0.046384 -1.373676 0.815753 -2.096404 0.959523 -0.595190 4.745877 -0.473020 1.428204 -1.255363 -0.041404 -0.842833
4 -5.236794 -4.967392 -3.856451 62.441575 -6.795310 -4.889497 -5.451233 -3.750977 -5.090743 -4.320868 -4.158942 -4.692317 -5.648700 -3.582350
7 -1.164470 -0.777708 -0.775311 -0.099480 -0.094163 0.624604 1.918517 0.649932 0.089070 -0.509520 -0.095789 -0.795557 1.255635 -0.225759
2 -2.598755 33.702459 -2.321401 -2.782460 -3.019397 -2.361068 -2.488058 -2.561033 -2.372799 0.286384 -3.388273 -2.743381 -4.199548 -3.152670
1 3.368024 -0.564043 -0.137449 0.066755 0.555937 -0.393501 -0.433193 0.000543 -0.763247 -0.503538 -0.232448 0.186092 -0.997765 -0.152167
7 3.179017 -1.824414 -1.171815 -2.822600 -1.445351 2.526245 5.830563 0.364206 -0.593511 0.604651 -4.247766 -1.375650 1.603356 -0.626930
13 2.305332 1.005823 0.181766 0.037232 -1.934748 -0.736618 -0.865370 -1.753070 0.197139 -0.475966 -0.934054 -0.420050 3.631425 -0.238843
9 -1.435640 0.954157 -0.521163 -1.834047 0.657996 0.992550 -0.466522 0.818776 3.807947 -0.794228 -0.101177 -1.039597 0.745366 -1.784417
9 -2.341916 -0.421543 -0.936169 -1.857606 -0.630897 3.255172 3.405404 -0.981107 3.677308 -1.298613 0.516404 -0.417543 -0.479901 -1.488992
5 -1.983182 -0.446519 0.580668 -2.504422 17.140612 -0.296892 -0.121188 -1.976956 -0.155275 -2.809533 -4.026535 -0.868348 -1.793651 -0.738779
4 -2.557166 -5.305348 -4.485159 58.847722 -6.879146 -4.575882 -4.745974 -4.038939 -4.364716 -4.909844 -4.556105 -3.920461 -4.799035 -3.709947
4 -5.421672 -0.496199 -5.427338 59.406633 1.716642 -6.048883 -5.329941 -4.502048 -5.233832 -5.461108 -6.271221 -4.785962 -6.335082 -5.809987
4 -4.482179 -4.299460 -3.368795 63.621384 -6.368496 -5.048967 -5.871735 -5.163665 -5.294973 -2.223191 -5.217916 -4.744571 -6.352970 -5.184466
4 -1.894999 -1.852459 -1.713911 23.571712 -2.390239 -2.132885 -1.830156 -1.295236 -1.624670 -1.701950 -1.922095 -1.728174 -1.855145 -1.629793
4 0.380536 -2.416150 -0.761418 3.771166 -1.148836 0.074829 -1.199680 2.348031 0.396654 -0.915348 -0.822748 -0.585798 1.013640 -0.134878
1 53.228649 -4.678594 -3.624408 -4.853350 -4.282798 -3.678414 -3.947754 -2.485990 -4.978941 -4.159465 -4.400661 -3.227039 -4.125618 -4.785616
7 -2.074787 -3.591303 -3.291441 -2.935559 -3.426481 -0.688315 25.702810 -0.848975 -2.719441 -2.682855 0.577822 -1.947837 -2.491400 0.417764
8 -0.481246 -0.749188 -1.398841 -0.948518 0.040788 -1.232406 -0.753730 11.458085 -1.995756 -0.399646 -1.253194 -1.570468 -0.017783 -0.698097
1 58.806505 -4.853076 -4.064813 -4.369746 -4.487406 -4.557966 -4.948199 -5.042922 -4.186076 -5.264905 -4.194150 -5.394979 -2.242788 -5.199477
1 58.795972 -4.912803 -3.857647 -3.777947 -4.670993 -3.541052 -3.449809 -4.843645 -5.463576 -4.782389 -4.585719 -4.437414 -5.931325 -4.541653
3 -0.762499 -1.270523 6.744955 0.592288 -1.506205 -1.615521 0.678114 -2.108373 -0.372763 -0.458165 0.139459 0.555052 -0.804247 0.188428
3 -1.509133 -2.060552 12.887547 -1.635595 -0.671439 1.951604 -0.809038 -0.304974 0.202112 -0.948276 -2.670016 -1.981646 -0.068861 -2.381734
1 43.147826 -3.545608 -3.757744 -3.246782 -2.730593 -3.991173 -2.942021 -2.544688 -2.559872 -3.255245 -3.298334 -3.172197 -3.743879 -4.359690
3 -3.807680 -3.309887 43.465041 -3.048178 -3.683639 -2.737789 -2.369367 -3.786778 -3.364923 -3.401740 -3.151860 -3.119904 -4.148331 -3.534964
14 -2.841246 -3.756785 -4.684786 -3.713310 -2.978700 -2.635489 -2.138124 -0.736838 -4.173036 -3.610494 -2.849011 -3.519032 -1.868210 39.505060
14 -0.864165 -2.026068 -0.692130 -0.460336 -1.494506 -0.993588 0.137337 -1.143914 -2.764356 -1.277298 -0.068930 -0.959031 -1.351116 13.958101
8 -2.363106 -0.076255 -1.541939 -1.385579 -5.627454 -1.624240 0.677081 22.084911 -2.192920 -0.428937 -2.372881 -1.594466 -2.349570 -1.204644
3 0.266753 -0.785247 13.199395 -0.751241 -1.921742 -2.001551 -0.638550 -0.559069 -1.404936 -1.962431 -1.227557 -0.229601 -1.165389 -0.818832
6 -2.656409 -2.129431 -2.158285 -1.480159 -4.174779 29.354141 3.855374 -3.875632 -1.468517 -3.056042 -2.542246 -3.162792 -3.380350 -3.124872
13 -1.380762 -2.069170 -1.417267 -1.709266 -0.047311 -0.536752 -1.085472 -1.504124 -1.199642 0.939576 -1.768392 1.260121 11.494604 -0.976143
3 -3.093068 -2.625959 27.538012 -2.290615 -2.275209 -0.950694 -2.658196 -0.906392 -1.983670 -0.650144 -2.878530 -1.694279 -3.323163 -2.208094
12 -0.096100 -0.020481 0.313064 -0.028286 -0.210773 -0.163104 0.000000 0.000000 -0.024369 -0.076422 0.281216 0.369216 -0.122780 -0.221180
11 -1.452479 -1.843958 -2.300539 -0.915430 -1.914351 -1.566204 3.568134 -0.639849 -1.006846 -1.257387 10.936917 -1.516060 -0.329307 0.237360
11 -0.163834 -1.186384 -1.768663 0.376272 -4.483549 -1.773897 -0.882319 0.927560 1.472016 0.464960 5.496939 1.220571 0.440457 -0.140128
11 -4.696304 -6.182370 -5.851108 -4.453022 -7.030229 -5.668951 -4.099540 -4.159573 -3.807097 -5.154559 66.411044 -5.791262 -5.202685 -4.314340
11 -3.001655 -6.027005 -2.531080 -2.704798 -1.282829 -3.545289 -5.088443 -3.421226 -3.679871 -3.532591 45.396695 -2.593416 -3.426276 -4.562215
1 62.872743 -4.504519 -3.551326 -4.848629 -4.000937 -4.050532 -5.177092 -5.220949 -5.559122 -5.221010 -6.225679 -4.182493 -5.535482 -4.794973
5 -3.828762 -2.972086 -4.200234 -3.475179 44.503003 -3.659527 -2.969795 -4.467081 -1.879448 -2.546046 -3.379076 -3.944986 -2.339664 -4.841120
4 -5.430990 -3.671330 -5.030346 62.186881 -4.539203 -4.803152 -3.445343 -4.563343 -4.688461 -4.591256 -6.165134 -4.058869 -5.385861 -5.813590
7 -8.674816 -8.815278 -9.731046 -8.044816 9.481687 -11.870532 104.254388 -9.149083 -9.029401 -8.578302 -11.863678 -9.170520 -9.758102 -9.050501
10 0.317731 0.181828 0.175114 -0.625304 -0.540244 0.770961 -0.663825 -0.261744 0.132904 2.369310 -1.267616 0.079175 -0.770907 0.102617
5 -2.706415 -0.743616 -1.546497 0.735418 21.248475 -1.638231 -2.794381 -2.399635 -0.620777 -1.630206 -2.384463 -1.271841 -2.103691 -2.144142
4 -3.120973 -3.103359 -5.389054 60.692360 -5.528063 -4.693525 -4.648399 -5.024647 -4.477643 -3.230613 -5.320713 -4.587990 -5.741057 -5.826323
6 -6.440170 -5.821892 -7.436237 -7.464061 -6.253814 89.135767 -7.661924 -6.280012 -6.276443 -6.431965 -7.364720 -6.900332 -7.911946 -6.892248
8 -1.582422 -1.320404 -0.994007 -0.341349 -1.107959 1.648004 -1.345763 10.281594 -1.488092 -1.388864 -1.662459 3.096571 -0.976254 -2.818597
6 -7.827702 -8.341438 -6.292906 -6.760271 -6.637183 93.131105 -7.280658 -7.331966 -6.844155 -6.435217 -6.890673 -7.363238 -7.642466 -7.483229
6 0.081091 -0.309073 0.274353 -0.897748 0.573568 7.706411 -1.413581 0.063185 0.127187 -1.978376 -0.749665 -0.340509 -2.532199 -0.604644
9 -0.079731 0.200784 -0.650171 0.384283 -0.376214 0.008264 -0.349270 0.791575 1.592714 -0.727386 0.051855 0.151360 -0.469430 -0.528631
13 -3.768306 -1.825615 -2.561812 -1.957015 -4.880415 -2.010414 -3.353488 -3.031812 -2.978391 -2.787819 -2.411117 -2.763111 38.357847 -4.028531
13 -0.163029 -0.217832 -0.432307 -0.104121 -0.685988 -0.769902 -0.238667 -0.804491 -0.696395 -0.381937 -0.055528 -0.619476 5.245008 -0.075333
14 -0.834951 -0.010715 -1.122787 -0.354033 -0.049088 0.879047 -0.453299 0.881208 -0.350122 -1.220355 0.028451 -0.508545 0.816300 2.298889
9 -3.573778 -1.527722 -1.661293 -0.685407 2.921571 -1.753480 -0.134562 -0.285632 7.066394 -1.057108 -2.783317 0.902036 1.830719 0.741580
12 2.629081 -1.619790 -0.051915 0.071258 -0.831673 -1.536221 -0.548147 -1.172474 0.114070 -0.714526 0.102116 3.201204 -0.757743 1.114760
4 -4.482850 -5.771206 -4.864997 61.297835 -6.590911 -5.178697 -4.231290 -3.280236 -4.478648 -4.693627 -4.420878 -4.150651 -5.596671 -3.557172
14 -0.590169 -0.729926 -0.108682 -0.730881 0.180574 -0.297826 -0.324250 0.331261 -1.198141 -0.578268 -0.332819 -0.135390 0.611914 3.902602
4 -2.205007 -2.211229 -1.894540 28.508305 -2.505836 -4.803071 -2.683032 -2.346609 -3.195875 -1.521550 -0.814378 -1.524332 -0.249775 -2.553071
4 -4.189395 -4.117866 -5.622796 64.349976 -7.411389 -6.151248 -2.429197 -2.995502 -5.680179 -5.341661 -3.312333 -5.927646 -6.354358 -4.816405
3 -4.290538 -3.114793 49.407507 -3.661576 -3.394030 -4.183673 -4.620634 -4.106362 -3.363737 -2.182660 -4.768525 -4.117254 -3.102242 -4.501483
1 4.237279 -0.188061 3.471466 1.095766 -2.000907 -0.127421 -1.690276 -0.880189 -0.795802 0.131789 -0.335365 -1.316125 -0.235093 -1.367060
12 -0.361142 1.048139 -0.475578 -0.379580 -1.263828 0.215548 -2.456322 -0.092327 1.966950 -2.173289 -1.602998 6.992249 0.373704 -1.791526
12 0.566215 -1.877593 -0.935965 -0.337553 -0.848838 -0.055835 -1.405014 0.947181 -0.799450 1.122971 1.333443 1.644672 -0.237684 0.883452
14 -0.105931 0.504963 0.373538 0.162140 0.200689 -0.289783 0.070081 -0.340685 -0.351078 0.062290 -0.717636 -0.186820 -0.226850 0.845083
7 -0.681887 -0.251744 -0.303203 -0.628445 -1.366531 1.566603 2.442100 -0.160573 -0.864547 -1.182965 0.254960 -1.044573 0.149375 2.071429
14 -0.474919 -1.140455 0.708830 -1.507144 0.338814 -0.929912 0.875162 1.084246 -0.017017 -0.592400 -0.033435 -0.454294 -0.613604 2.756128
1 1.995427 0.157335 -0.712189 1.346371 -0.178873 -0.522926 0.001875 -0.285961 0.082845 -0.481939 -0.539374 -0.334749 -0.310281 -0.217562
10 0.496333 -1.154686 0.009770 -1.149722 -0.478187 -0.814294 -0.618662 0.930628 0.271656 2.352915 -0.435777 -1.745878 0.991193 1.344710
4 -3.250716 -4.182123 -4.599389 58.746578 -7.100460 -4.423591 -3.925146 -3.463290 -3.437359 -5.595276 -4.293011 -5.112770 -4.170750 -5.192697
4 -4.340913 -4.924224 -4.526808 59.890652 -6.363058 -4.940334 -4.380937 -3.363914 -4.443919 -4.691678 -4.250555 -4.607271 -4.182576 -4.874465
1 3.292810 -0.143552 -0.501969 -0.173747 -0.687376 0.514193 -0.766652 0.244762 -0.587032 -0.418565 -0.983848 0.132728 -0.382749 0.460997
12 0.223003 1.363082 -2.540323 -1.009093 -0.896102 0.260847 0.145167 0.416794 -1.095120 -0.143716 0.087373 5.972346 -2.574835 -0.209422
1 17.833148 -0.650531 -0.439411 -1.020080 -3.531821 -1.722016 -1.625009 -2.142129 -1.263504 -0.609345 -1.044528 -0.786974 -1.583749 -1.414052
14 0.623515 -0.150619 -0.240337 0.454415 -3.062128 -0.315151 -0.668708 -1.726012 0.057931 -1.171853 0.097825 0.423389 0.569567 5.108166
12 -0.422671 -0.004203 0.197253 -1.708551 -0.535094 -0.045951 -1.542799 -0.126982 0.140292 -0.456390 0.499849 4.949885 -1.793949 0.849311
4 -2.381097 -3.108793 -2.409157 24.373481 -3.409540 -2.557937 0.405302 -1.209861 -0.778432 -0.561246 -3.113043 -1.651542 -2.368981 -1.229155
5 -3.799226 -1.274047 -2.329167 -0.200011 27.716414 -3.937211 -2.582820 -2.654252 -1.552834 -2.776879 -1.930522 -0.952888 -1.201161 -2.525395
4 -4.512363 -5.075383 -4.385901 61.628180 -5.202210 -6.307874 -5.414150 -4.604916 -5.777205 -2.113588 -4.565503 -3.095157 -6.298954 -4.274974
14 -1.679759 -2.418348 -1.594717 -1.300944 -1.800173 -1.085366 -1.529915 -1.817076 -1.980363 -1.985121 -1.842033 -2.740040 -1.097804 22.871656
5 -0.439095 0.217635 0.093077 0.088971 0.650005 0.315863 -0.164049 -0.238144 -0.097532 0.046121 -0.194423 -0.148318 -0.182641 0.052530
7 -0.278822 -0.219101 -0.011074 -0.575476 0.302309 -0.064689 0.408442 0.234226 0.246030 0.099127 0.004206 -0.045151 0.075334 -0.175362
4 -3.001209 -5.153557 -4.846181 59.557425 -7.328305 -3.698153 -3.107728 -3.317627 -4.421169 -4.814608 -5.662801 -3.834025 -4.856485 -5.515576
10 1.053988 -3.339158 -0.455241 -0.733448 -0.478293 -0.570280 -1.090339 -0.030652 -1.006850 6.084696 -0.366469 2.631953 -2.392206 0.692300
14 1.621534 -1.237916 -1.067632 -1.451054 -0.422026 -0.287132 -0.306034 -0.530549 0.899119 1.398973 -0.053543 -0.692511 -0.375316 2.504087
6 -5.057295 -3.945960 -5.188040 -4.084999 -6.152121 59.234692 -7.894748 -4.529797 -3.895878 -3.253773 -3.956264 -2.573978 -2.625473 -6.076364
6 0.362935 0.371879 -0.790872 -0.837134 1.411962 1.455153 -1.074791 -0.944922 0.525408 0.113214 -1.113586 0.728153 0.637168 -0.844567
11 -0.080575 -0.207761 -0.286992 -0.089960 -0.165193 -0.464393 0.415165 -0.065061 0.345220 -0.174219 0.736453 -0.200770 0.000000 0.238085
4 -4.705158 -4.787395 -4.426745 61.958395 -6.739812 -3.765704 -4.683458 -4.100796 -4.386469 -4.621615 -5.260001 -4.179644 -5.330223 -4.971372
10 0.485748 -2.625361 -2.548237 -1.798165 -0.669814 -2.558053 -2.971598 -0.789708 -0.695203 18.542971 -1.027120 -0.123458 -0.626487 -2.595513
8 -0.475231 3.015954 -1.444092 -0.143784 -4.948200 -3.105474 -4.469826 21.531426 -1.973980 1.206640 -2.084754 -2.513351 -2.759459 -1.835868
8 -0.019132 0.051611 -0.159105 -1.188301 -1.811964 0.042618 -1.113191 8.089148 -0.285103 -0.222509 -1.211824 -0.993815 -0.714044 -0.464388
1 56.488895 -4.178854 -5.162398 -3.041778 -2.882630 -5.123292 -3.732836 -5.190169 -3.739054 -4.910450 -4.269508 -4.948379 -5.148720 -4.160827
4 -2.129297 -1.303391 -2.329641 23.100848 -3.511299 -3.280865 -2.384700 -1.512423 -1.278452 -2.226101 -2.307838 -0.488306 1.560695 -1.909231
5 -1.555752 -0.952371 -1.938001 -2.707115 20.889212 -5.569251 -3.295200 1.372154 -1.289157 -2.044774 -2.490309 -3.153357 4.324287 -1.590369
11 -2.684606 -3.389491 -3.742319 -3.355018 -3.860149 -4.062446 -2.043978 -2.679825 -2.965013 -2.940033 42.611689 -3.079637 -4.058018 -3.751153
14 0.634655 -0.302571 0.961533 -0.258556 0.321991 -0.623010 -0.042932 0.206791 -0.532044 -0.529168 -0.054284 -0.172717 -0.596906 0.987219
14 0.571832 -1.512740 0.366183 0.038356 0.081534 -0.186209 -0.098372 0.859220 -0.217086 0.963530 -1.982280 0.175962 -0.288056 1.228126
8 -1.473778 -1.952461 -2.024963 -1.153606 2.081962 0.899600 -2.390512 13.257790 0.287704 -1.706568 -1.671576 -0.881685 -1.878250 -1.393656
12 -0.503868 0.847307 1.309564 1.082278 2.029016 -0.739121 -1.471561 0.080005 -0.744676 -0.760558 -2.540999 2.235499 -0.376165 -0.446721
5 -0.783504 -2.413743 -0.961503 2.104740 5.250083 0.691317 -1.134664 -0.345929 0.511103 -0.435481 -1.504494 -0.235476 -0.788572 0.046124
1 3.216242 0.610685 -0.204051 -0.088207 0.218745 -0.868547 0.042861 -1.033908 -0.248488 1.756053 -0.998336 -0.671204 -0.391957 -1.339890
4 -5.461777 -5.495158 -4.593159 61.016019 -6.405780 -5.096206 -4.364908 -3.094170 -4.107054 -5.011056 -3.647572 -4.093460 -5.019437 -4.626282
7 -0.135574 0.051230 -0.183463 0.729358 -0.687193 0.640313 1.387755 -0.361639 0.301326 -0.388539 -0.351453 0.298405 -0.689387 -0.611139
13 -1.342142 0.071514 -0.418050 -0.212541 0.411693 -0.481895 -0.635343 -1.676285 -0.170669 -0.091946 -1.056160 -1.165298 7.497720 -0.730599
1 25.382899 -3.371474 -3.321537 -2.356814 -1.397275 -2.979758 -1.439117 -2.302516 -1.690889 -1.383959 -2.334904 1.107384 -2.386110 -1.525930
6 -3.220781 9.366729 -4.798715 -3.959997 -5.578536 42.883836 -5.474815 -3.810486 -3.623954 -3.796504 -4.316363 -5.054761 -5.491468 -3.124182
3 -1.213467 -0.548968 7.867497 -0.776032 -0.683347 -1.466218 -0.629295 -1.559206 -1.395345 0.185474 0.361548 0.875235 -0.293709 -0.724165
5 -1.154118 9.038724 -5.137923 0.126173 17.550373 -3.467051 -2.084376 1.131792 -2.690663 -3.534803 -3.780150 -2.511832 0.312829 -3.798976
8 -2.470464 -1.712081 -1.201136 -1.517658 -0.731479 -0.027503 -2.751842 18.736942 -0.720032 -2.395132 -2.642931 -1.009336 -1.085329 -0.472020
5 -0.412877 0.147865 0.262186 -0.714191 1.159008 -0.554119 -0.052770 -0.081274 -0.254314 0.194903 0.304344 -0.310945 -0.430767 0.742948
1 1.922016 1.038178 -0.936864 0.338158 -0.471026 -0.508045 -0.457238 -0.142346 0.047413 0.665059 0.517091 -0.529979 -0.204941 -1.277476
6 -4.785391 -5.985061 -5.217618 -5.180172 -5.270951 70.740349 -7.329383 -6.267613 -4.305115 -5.948494 -5.643899 -5.652818 -4.756555 -4.397276
12 -1.752544 -1.239162 0.020981 0.733617 0.343851 -1.916501 -1.905633 -0.424416 0.571692 -1.265435 -0.459364 5.071625 1.218546 1.002746
3 -0.727260 -0.763442 9.441215 -1.041385 -0.420875 -1.191093 -0.154447 -1.492013 -1.278101 -0.197302 0.187377 -0.921396 -1.068785 -0.372493
9 -0.084445 -0.049886 -0.135000 -0.129460 -0.176563 -0.616674 0.519547 -0.132445 0.797615 -0.134742 -0.029118 0.380726 -0.071230 -0.138325
14 3.341651 0.160234 -1.584090 -0.752090 -1.290165 -1.842967 -1.586878 -1.537262 0.288144 0.020703 -0.800669 1.173675 -0.856528 5.266242
12 -1.158175 -0.646090 -1.064526 -2.028591 0.826543 3.371551 -0.442809 -2.578932 -0.772936 -0.988582 -3.283326 12.415397 -0.867236 -2.782289
11 -0.759904 -1.695750 -1.581853 -1.466044 -3.972616 -1.990186 -1.606952 -3.256954 -1.388041 -1.885380 25.204347 -1.791118 -1.843530 -1.966018
3 -1.102518 0.754458 1.782182 0.186905 0.305213 -0.749221 0.742238 -0.772985 -0.274639 0.440314 -1.648795 -0.941580 0.263306 1.015122
2 -0.583778 13.071147 -1.226206 -0.685060 -1.844061 -1.985001 -0.709384 -1.247412 -0.016463 -0.194277 -1.622339 -1.001942 -1.536631 -0.418591
1 93.704695 -7.239859 -7.065972 -7.176282 -7.900237 -6.345151 -9.419855 -7.061435 -7.564242 -7.433713 -5.818951 -6.780376 -7.067348 -6.831274
7 -3.372831 -2.764710 -2.738021 -2.447712 -2.765092 -3.563907 34.676428 -3.328295 -2.425235 -2.583270 -3.211560 0.772367 -3.302573 -2.945592
9 -0.283202 -0.311496 -0.040134 -0.195269 -0.782564 -2.311354 -0.873712 0.803831 1.513051 0.877602 0.956187 0.686749 0.765922 -0.805611
3 -0.418213 -0.682754 3.459634 -1.684485 0.762941 -0.508864 1.166188 -0.271575 -0.412127 -1.159232 -0.886849 0.930775 0.121091 -0.416530
1 54.657518 -4.446931 -3.481344 -4.188609 -4.481286 -5.302095 -4.130695 -3.666140 -3.897135 -3.527868 -3.666099 -4.393436 -4.558768 -4.917111
1 37.009552 -2.860515 -3.059784 -2.797605 -1.968032 -1.053827 -5.212247 -1.763669 -2.489770 -1.543847 -2.384887 -3.207453 -4.575874 -4.092042
2 -1.052876 15.612601 -1.056923 -1.185526 -1.819201 -1.530353 -1.107779 -2.134756 -0.781117 0.576502 -2.570765 -0.873998 -0.788837 -1.286973
6 -5.660133 -4.670311 -4.343511 -4.362903 -5.101795 59.452948 -5.107208 -4.818136 -4.240157 -4.125745 -4.279488 -5.989006 -0.715200 -6.039350
5 -1.630695 -2.110117 -1.727842 -2.189737 18.800076 -3.887915 -0.267010 -0.453166 -1.442363 -0.439928 -1.190145 -2.404755 -0.731847 -0.324556
6 -0.128998 -0.871020 -0.952952 -2.093351 -2.193181 13.744356 -0.280471 -1.599733 -1.040985 -0.129842 -1.537597 -1.385510 -2.853677 1.322963
9 -0.192431 0.448866 1.894212 -0.630311 -2.039409 -0.022915 -1.127367 -0.288593 2.854588 1.097798 -0.853493 0.472093 -1.057147 -0.555890
2 2.002620 2.920901 -1.108156 -0.640092 -1.743398 0.430900 0.491250 -0.488529 -0.216355 -0.406372 -1.789663 1.319714 -0.499180 -0.273640
3 -3.085536 -2.623203 27.366242 -2.260100 -2.209565 -1.178444 -2.503198 -0.756624 -1.868769 -0.720887 -2.855430 -1.781285 -3.315105 -2.208094
10 0.575641 0.085204 -0.682012 -0.090217 -2.132838 0.246886 -0.046856 -0.491702 0.976992 1.380687 -0.764140 0.167381 -0.485166 1.260141
6 -0.015886 -0.248926 0.168447 0.555184 -0.583203 1.267400 -0.134071 -0.271942 -0.095970 -0.396776 -0.156171 -0.248180 0.197463 -0.037367
3 -1.900157 0.233697 6.141420 -0.254569 -0.504807 0.497559 -0.691370 -0.211637 -0.890870 -0.803726 -0.279913 -1.878068 -0.010478 0.552920
10 -1.269963 -1.073573 -1.673775 -1.770010 -1.968616 -1.863025 -1.782638 -1.283724 -0.851423 21.104237 -1.846360 -1.152360 -1.895339 -2.673432
10 -0.465072 -1.022616 0.365452 -0.496194 0.879532 -1.905151 0.052010 -1.197801 -1.418794 5.720143 -0.544083 -0.179073 0.270907 -0.059261
7 -7.640645 -6.769826 -6.718651 -6.944585 -8.275354 -7.751767 98.506913 -7.702309 -7.012841 -7.069148 -10.212651 -7.296067 -7.566923 -7.546146
12 -0.406584 -1.183532 -1.167357 0.196184 -1.252129 0.043077 0.565180 1.033887 -0.214327 -0.641260 1.871249 2.098428 -0.798307 -0.144507
12 -0.548497 -0.191235 -0.931379 0.521283 -1.583787 -0.274502 1.214259 -0.691305 -1.464079 -1.568305 -0.622692 9.664005 -2.175895 -1.347872
1 0.000000 0.000000 0.000000 0.000000 0.000000 0.000000 0.000000 0.000000 0.000000 0.000000 0.000000 0.000000 0.000000 0.000000
11 -3.499861 -3.478680 -2.602232 -3.707078 -1.761454 -2.777381 -2.143513 -3.088882 -0.618009 -3.207012 35.038299 -1.768330 -3.821964 -2.563900
11 -7.569051 -8.117012 -6.660147 -7.049108 -6.146516 -8.321940 -7.371705 -7.138050 -7.200652 -7.682444 94.401898 -6.984766 -7.665546 -6.494957
10 -0.851608 0.710585 -0.466277 -0.693424 0.124208 -0.505936 0.424561 -0.265318 -0.945667 1.264588 1.011737 0.156181 0.306314 -0.269944
3 -2.977700 -2.395580 25.684894 -2.253854 -1.796393 -0.973578 -2.108173 -0.668933 -1.711435 -0.503940 -3.127811 -1.521858 -3.338030 -2.307608
11 -0.032035 1.460096 -0.512414 -0.116339 -1.597461 -1.509896 0.656399 -0.675391 -0.796470 0.047442 2.530206 -0.566943 0.326045 0.786763
14 -0.726572 -0.864667 0.228226 -0.942131 0.978232 -0.680970 1.564893 -1.317190 -0.384025 -0.933520 -2.210934 0.588403 1.258290 3.441964
11 -0.280593 -1.083275 -0.372641 -0.605487 -0.105465 0.981706 -0.222036 -0.268233 -0.216124 -0.024536 3.626866 -0.047598 -0.651915 -0.730668
7 -0.284012 -0.742574 -1.036904 -0.215367 -0.600239 -0.434421 2.166301 0.315044 -0.313864 -0.399858 1.478631 -0.342212 0.078262 0.331215
4 0.256866 1.045637 -0.415700 1.268267 -0.571574 -0.254269 0.374364 -0.319834 0.070370 -0.156721 -0.293681 -0.196452 -0.052778 -0.754495
10 -3.654785 -0.691750 -0.275238 -1.824774 1.544192 -0.502200 -0.943147 0.448242 0.305020 4.737961 3.407107 0.031790 -1.565748 -1.016672
11 -3.258638 14.911196 -5.955079 -3.238626 -3.457615 -6.377394 -0.242628 -3.773998 -3.897173 -4.824986 33.006152 -5.552383 -3.557601 -3.781226
10 -0.465952 -0.825758 -0.680861 -0.608023 -0.236829 -0.884017 -0.469584 -1.885844 -0.770202 8.898755 -0.809493 -0.331787 -0.198100 -0.732306
11 -3.024809 -5.533525 -4.859378 -3.865116 -1.282664 -4.560036 -3.256636 -3.247957 -4.003505 -3.203314 48.544804 -3.470678 -3.761351 -4.475830
11 -0.731589 -1.241678 -0.373921 -1.409251 -0.891402 -1.646435 -0.991930 -0.784806 -0.771322 -0.519879 13.497362 -1.289678 -1.705018 -1.140453
6 -3.251118 -4.787247 -4.075736 2.415100 -2.965258 51.371975 -5.804101 -4.970343 -3.381429 -3.373299 -5.826918 -5.032629 -4.283710 -6.035284
13 -0.557534 -1.333055 -1.196622 -1.538612 -0.478877 -1.606431 -0.601508 -1.082294 -1.437164 -1.322148 -1.197944 -1.052679 14.600284 -1.195416
5 -2.950486 10.778342 -3.939269 0.307326 18.170856 -2.866962 -2.447968 0.514223 -2.900184 -3.252138 -2.164154 -5.086336 -0.333698 -3.829553
2 -0.530141 4.686162 -0.424245 -0.301469 -1.346808 -0.356416 0.482408 0.297548 -0.801684 -0.860897 0.275548 -0.442453 -0.868585 0.191032
2 -0.355980 1.871334 -0.871239 -0.534369 -1.427452 -0.652274 -0.028711 -0.274522 1.374817 1.319963 0.328437 -0.863707 -1.372796 1.486497
14 0.708214 -1.458552 -1.055268 -0.891474 -1.191286 -2.347117 -1.232320 -0.711058 -1.466504 -2.279088 4.778691 -2.095426 0.336166 8.905022
11 -1.665663 -0.443448 1.115131 -0.069107 0.697576 -0.998772 -0.116189 -0.093778 -0.010803 -1.123608 1.350478 0.711789 -0.080574 0.726967
8 -2.337332 2.846553 -0.245049 0.379104 -0.512458 0.208068 -0.847477 3.578540 -0.858791 1.082522 -1.059875 -0.871640 -0.954464 -0.407703
5 -1.315338 -1.141257 1.639625 -2.096396 17.118905 -1.070280 -2.171800 -1.611694 -0.754071 -0.249727 -2.763307 -0.724958 -2.587232 -2.272468
1 1.987871 1.300723 -0.929193 -1.876898 -0.109189 -1.466833 -0.934970 1.264164 1.637638 -1.055679 0.750240 0.670243 -0.746786 -0.491331
13 0.452002 -0.470188 -1.116200 0.157652 -0.420948 -0.160857 -1.154271 -0.850334 -0.029565 0.870961 -0.882109 1.621651 1.962059 0.020145
5 -1.583900 0.676389 -0.593375 -0.355071 8.758566 -1.975472 -1.026386 -1.278828 -1.594260 -1.635171 -0.338184 -0.587905 2.411777 -0.878181
2 -0.825492 11.662828 -0.822671 -1.029504 -0.534894 -0.687248 -1.113661 -1.000039 -0.668977 -1.138612 -1.157821 -1.025846 -0.867876 -0.790187
13 -0.447758 -0.837191 -0.671732 0.052024 -1.486131 -0.730698 0.222446 -0.163306 -1.158945 0.797680 0.275900 0.994827 4.359297 -1.206413
14 -2.416433 -1.771478 -2.041836 -1.253911 -3.583833 -0.261056 0.627341 -1.172869 -2.357821 -1.751099 -2.305832 -2.133494 -1.415060 21.837383
8 -0.176466 -1.374487 -0.371242 0.179282 -0.185836 0.535837 -0.181474 0.947124 0.617992 -0.244564 -0.009552 0.522387 -0.379261 0.120260
3 -1.598830 -0.369026 15.694766 -0.656727 -2.521555 -1.454993 -1.744379 -0.802763 -1.169049 -0.230178 -0.480882 -0.726226 -1.878071 -2.062086
12 -2.658967 -1.099046 0.049365 0.935721 -0.137863 -0.453774 -0.562775 -0.761979 1.056837 -1.283299 -0.407348 4.757562 1.755262 -1.189696
6 -0.537226 -3.992658 -1.390644 -2.538225 -3.754954 36.936696 -1.054893 -2.673977 -2.598756 -3.708985 -3.800008 -2.580830 -4.041796 -4.263742
6 0.219414 -0.447905 -1.346633 0.291980 -1.632672 2.460452 -0.710014 0.414672 -0.145171 -1.472743 -0.225604 0.053946 2.255401 0.284877
3 -1.701171 -1.498138 11.257547 -0.432528 -2.520699 0.503303 -1.122154 0.558446 -1.833469 -1.735893 -0.427986 0.450007 0.398952 -1.896217
1 21.452483 -1.672323 -0.860008 -2.458942 -2.118127 -1.763279 -1.924990 -1.193367 0.236687 -2.239935 -2.063030 -0.723897 -2.394123 -2.277150
2 -0.520900 3.740582 -0.162737 -0.051743 -0.221472 -0.062167 -0.343497 -0.218327 -0.162841 -0.607656 -0.421726 -0.339403 -0.440919 -0.187195
2 1.219312 2.171118 -1.076966 -1.373745 -1.093644 -0.096858 0.610884 -0.307604 -0.180934 -0.262851 -1.046768 -0.074953 0.890395 0.622614
6 1.468609 0.434516 -1.142465 -0.816785 -0.185457 1.953262 0.191077 -0.240818 -0.537742 -0.182475 -0.059073 -0.257970 -0.434644 -0.190035
6 -0.403693 -2.607935 -0.846595 -1.301659 -1.244921 19.874928 -3.172507 -0.908722 -1.829019 -1.815949 -1.543299 -1.166691 -1.685491 -1.348448
3 3.799578 -0.355494 8.094489 -1.446871 -1.514389 -0.164843 -1.719974 -2.726932 -1.686720 -2.924324 0.135956 2.311162 -2.617781 0.816142
12 0.005503 -1.156371 -0.840781 -1.035881 -2.601070 4.579045 -1.947346 -1.047603 -2.100628 -0.199652 -2.462789 10.685670 0.078010 -1.956106
1 53.743107 -3.579280 -4.528249 -3.337665 -3.156488 -3.741773 -3.317470 -4.739553 -4.176563 -3.556422 -4.950480 -4.121764 -6.098374 -4.439025
14 -0.624241 -0.166393 -1.204164 -0.879993 0.100689 -1.283973 -0.393530 -0.408188 0.221533 -0.026419 0.050103 -0.742785 0.543703 4.813658
13 -0.262280 0.135918 -0.613601 0.051261 0.369869 -1.129318 0.100611 -0.184423 0.142399 0.290960 0.268891 -0.289050 1.246968 -0.128203
10 -0.059951 0.000000 -0.237723 -0.237837 0.110177 0.277205 -0.580634 0.229957 -0.023745 0.590760 0.156532 0.286199 -0.348813 -0.162128
12 3.969337 -1.809193 -1.684433 -0.562944 -1.957984 -0.334262 -1.258120 -2.212396 -1.969230 -1.704896 -2.201554 13.825325 -0.866804 -1.232848
1 36.157873 -5.062577 -3.920110 -3.227966 -1.661022 -4.841692 -0.137348 -2.614429 0.863590 -4.301394 -2.425348 -3.388575 -4.224601 -1.216402
9 -0.711598 -0.946045 0.123066 -0.346711 -0.245109 -0.831497 -0.681984 -0.333403 2.643195 -0.659971 -0.273881 -0.038806 2.181004 0.121738
13 -1.140209 -1.785577 -1.527163 -1.716069 -1.818136 -1.029389 2.152917 -1.507922 0.953833 -1.514116 -0.964052 -1.521472 12.347334 -0.929979
14 -0.758684 -0.082013 -1.729454 -0.676439 0.358851 -0.250502 -0.171487 -1.122611 -2.191063 2.156917 0.674887 0.570013 -0.779827 4.001413
9 -1.307127 0.152779 -0.471356 0.189687 -1.273404 -2.147615 -0.181910 0.118418 6.384065 -0.930682 -0.502322 0.080963 -0.282648 0.171152
3 -2.803895 -2.729179 35.328905 -2.705397 -2.760025 -3.074061 -2.440330 -2.367773 -2.651583 -2.765920 -2.646783 -2.563851 -3.274012 -2.546096
7 -6.483590 -6.351153 -6.665560 -7.638583 -8.464845 -7.867098 87.160055 -6.747907 -5.956413 -5.398828 -8.359172 -6.465364 -5.802257 -4.959286
11 -1.913406 -2.581092 -1.972686 -2.086027 -1.246524 -0.620891 -1.276819 -0.264152 -1.834241 -1.692093 18.462203 -1.904618 -0.596652 -0.473000
8 0.094949 1.766639 0.172145 -2.200610 -4.380985 -0.487110 -3.116977 14.147531 -1.467961 0.923190 -2.674506 -1.458011 -0.640884 -0.677410
9 -2.570137 -0.879264 -1.442987 0.600991 -1.479154 -3.213584 0.726354 -1.006983 7.651001 -1.721744 -0.492532 0.594704 2.749058 0.484278
12 -0.094051 0.101335 0.828073 0.381943 -2.815035 1.240550 1.077265 -1.240778 0.099968 0.126784 -0.791126 1.886195 -0.616608 -0.184515
6 -3.549057 -3.363348 -2.191331 -1.835767 -2.991320 38.417561 -5.322920 -3.155514 -2.114611 -2.269044 -3.350903 -3.656097 -2.109335 -2.508314
1 27.165710 -0.814298 -0.876400 -2.015033 -2.695932 -2.297350 -2.521500 -3.378754 -3.253657 -3.034465 -2.223228 1.858745 -3.065100 -2.848739
1 3.406673 0.555705 0.141782 -1.054824 0.434441 -0.454691 -1.390249 -0.426694 0.898342 -0.967960 0.186728 -0.796415 -0.589678 0.056840
9 -0.288215 1.532797 -2.168661 -1.097669 -1.577583 -1.686923 -1.230793 -0.771836 9.542456 0.012260 -1.406742 0.449923 -1.500624 0.191611
5 -1.740407 0.096824 -2.989810 -0.972154 16.046689 -0.974524 0.017507 -2.968160 -1.045947 -0.267300 -1.805004 -1.295158 -1.202835 -0.899722
5 0.064823 -1.428276 -0.759383 -0.631088 5.586403 -0.079468 -0.970502 0.806447 -0.561384 -0.741201 -1.538512 -1.319343 2.748668 -1.177185
6 -0.629314 -0.434329 -0.177949 0.112373 0.070893 1.111046 -0.375857 0.529627 -0.898939 -0.180972 0.716412 0.402295 -0.462822 0.217536
1 48.441417 -2.987902 -2.918319 -5.422877 0.088119 -3.468695 -4.177433 -3.690752 -4.269530 -3.701196 -6.125490 -4.830532 -1.849516 -5.087293
1 19.666043 -2.249403 -2.176075 -2.326589 -1.137547 0.012156 -2.049130 -2.687038 0.243600 -1.609528 -2.255289 -2.359197 -0.275311 -0.796691
12 0.007769 -1.024248 -1.267525 0.180847 -0.815446 1.944533 -0.685658 -1.307549 -1.482893 -2.341851 0.004511 6.574294 0.288159 -0.074941
1 11.182188 0.524299 -1.074495 -0.233923 -1.909618 1.216244 -1.809700 -2.397660 -0.935350 -1.293640 -1.768667 -0.818731 -0.216256 -0.464692
1 75.628502 -5.914655 -5.438968 -5.383187 -6.005120 -5.272553 -5.467048 -6.146162 -4.706656 -5.506425 -5.048088 -6.051803 -8.058478 -6.629357
1 42.539793 -3.978777 -3.087611 -2.982214 -3.720576 -2.941636 -4.685972 -4.197084 -3.309322 -5.143053 -2.260501 -1.494859 -2.533072 -2.205116
1 49.428152 -3.690268 -3.209459 -3.766742 -2.939451 -3.898499 -4.160655 -3.758381 -3.452346 -3.940286 -3.656043 -3.730542 -4.389335 -4.836146
1 51.132005 -5.746395 -4.596789 -6.130632 -5.845051 -4.364389 -4.606561 -4.728743 -4.459474 -5.866231 -5.426770 -4.234846 8.732814 -3.858938
1 65.238344 -5.316162 -4.589587 -5.124982 -4.075706 -3.997888 -6.495310 -4.548339 -4.748068 -4.294484 -5.645385 -4.842260 -6.185985 -5.374188
1 55.330621 -5.153603 -3.997095 -4.254895 -4.443065 -4.567399 -4.008813 -4.188908 -4.019363 -3.963933 -3.717151 -3.936424 -4.524263 -4.555709
1 58.098678 -5.180594 -3.749578 -3.494670 -4.665892 -5.091342 -5.105965 -3.547698 -3.941227 -4.380888 -5.564718 -4.369117 -4.478762 -4.528229
1 57.360302 -5.789844 -4.660262 -4.097889 -3.337214 -4.427591 -5.200421 -5.450056 -3.690851 -3.498287 -3.252486 -4.751837 -3.680752 -5.522813
1 62.874379 -6.361896 -5.877971 -5.406784 -4.908670 -5.428909 -4.951299 -4.286178 -3.759223 -4.817869 -4.294752 -5.210553 -4.751987 -2.818287
1 49.352319 -3.257091 -3.150914 -4.399822 -4.632031 -5.913897 -4.539731 -3.024109 -1.445685 -3.797601 -3.315079 -4.719392 -2.086036 -5.070931
1 25.701815 -3.559361 -2.162769 -2.135986 -2.104122 -1.665365 -1.856227 -1.403153 -1.305371 -2.111280 -2.372480 -0.645048 -2.505874 -1.874778
1 2.095256 0.485508 -0.097823 -0.172664 -0.178159 0.477146 -0.296208 -0.469985 -0.755066 -0.535207 0.240008 -0.387218 -0.212150 -0.193440
1 41.388230 -3.405888 -2.095991 -2.126655 -2.655937 -4.118182 -4.004947 -3.330386 -2.783233 -2.444585 -3.831538 -3.481504 -3.403849 -3.705536
13 0.782663 0.492915 0.092490 -0.112133 0.468243 -0.601750 -0.161518 -0.214470 -0.429401 -0.603660 -0.597058 -0.950034 1.017126 0.816586
1 58.200199 -4.836556 -5.139691 -4.859180 -3.209195 -5.504681 -4.551997 -4.558124 -3.224623 -2.084987 -4.460831 -4.913526 -5.946029 -4.910780
1 27.713207 -2.986525 -2.655341 -2.833135 -2.202183 -1.380612 -2.203621 -2.129094 -0.491996 -2.185015 -3.066807 0.223553 -2.667093 -3.135338
1 35.846607 -3.142084 -1.889951 -1.689514 -2.041099 -3.897035 -2.957251 -2.740331 -2.352147 -2.630895 -2.953666 -2.579841 -3.771927 -3.200867
1 60.714122 -5.775064 -4.969046 -5.239388 -4.680100 -4.362874 -3.423805 -4.469490 -5.692742 -4.692487 -3.639563 -4.573854 -3.930340 -5.265369
1 8.507823 -0.559259 -0.121955 -0.963102 -1.317906 0.800656 -1.682581 -1.430275 -1.245990 -0.900138 -0.394707 -0.139162 -0.119383 -0.434020
7 -0.771904 -0.017520 0.416563 -0.882046 1.714565 0.142762 1.854216 -0.965756 0.029633 0.974397 -1.579783 0.111092 -0.261858 -0.764360
10 -0.833360 0.412563 0.417080 -0.347135 -2.679430 0.044227 2.303623 -1.435756 -1.313333 8.850603 0.187511 -1.121977 -3.213968 -1.270648
10 0.893964 -1.124815 0.626568 -0.010035 0.195406 -1.287202 -0.797527 -0.963686 0.417154 0.957184 0.008480 0.586491 0.660901 -0.162882
8 0.919698 -0.409195 -2.324199 -2.469588 -1.269277 -0.861781 1.996638 6.794104 -1.711052 1.377006 0.363496 -0.887931 -1.734120 0.216201
14 -1.322428 -1.065931 0.842216 -1.552425 -0.731403 -0.651535 0.292856 0.735087 -0.598909 0.806974 1.208034 0.928122 -0.670997 1.780338
10 -2.006345 -1.099617 -0.937446 -1.321114 -1.103585 -1.925366 -0.505830 -0.502424 -2.475025 14.675941 0.073774 -1.368797 -0.141577 -1.362589
10 -0.517601 -0.342119 -0.206979 0.275224 -0.204382 -0.356872 0.063086 -0.454846 -0.451986 4.292307 -0.445294 -0.639066 -0.417480 -0.593992
10 -2.012840 -3.444052 -2.670275 -2.257424 -3.603658 -2.179609 -2.906089 -2.780738 -2.875969 37.094327 -2.116632 -2.328029 -3.565625 -4.353386
11 0.056934 1.094892 -1.777112 -1.297844 -3.029059 0.695710 -0.119351 -2.090268 -2.213949 3.329933 5.083215 -3.125343 -0.280793 3.673036
13 -0.059257 -0.710799 0.286626 -0.502897 -0.319722 -0.000049 0.381570 -0.257795 -0.332252 1.292681 -0.712462 -0.510787 1.973395 -0.528252
10 -1.904742 -1.723456 -2.211753 -1.003069 -0.945138 -1.256801 -1.113572 -1.341933 -2.102681 17.737398 -0.965508 -0.688282 -1.762464 -0.718000
8 -0.455880 -1.975844 -0.846610 -0.594352 1.350919 -0.958571 -0.597364 2.125730 -1.164421 1.472166 1.107908 0.152182 1.139475 -0.755339
10 -0.455378 -0.285293 1.266693 -0.821012 0.797790 -0.998682 -0.315299 -1.266516 -1.398129 3.736714 -0.040051 -0.697975 1.459135 -0.981997
10 -0.324684 0.001384 0.619383 -0.567793 -0.660399 -1.656426 -0.850008 -0.714308 -0.459572 8.032713 -1.097208 -1.389499 0.180108 -1.113690
7 -0.835080 -0.745705 -1.356537 -0.915349 -0.058344 1.123832 1.576775 0.561967 1.241712 -1.322759 0.767307 -0.873330 0.101183 0.734327
10 -2.093354 -2.482727 -1.280418 -2.185106 -0.834066 -0.923839 -1.482250 -0.094491 -1.231419 20.057133 -1.151035 -2.215208 -1.882695 -2.200528
10 1.208910 -1.714186 -0.821776 0.209862 0.873635 -0.093061 -0.694379 -0.764871 0.741516 3.764590 -1.488710 0.719496 -1.397361 -0.543666
10 -1.319535 -1.648519 0.138272 2.966521 -0.448919 -1.054657 -1.268220 -1.552021 -0.751504 14.230321 -1.331754 -3.014836 -2.630265 -2.314883
2 0.388812 1.370795 -0.288634 0.535014 -1.145464 -0.403078 -0.004263 0.183452 1.082786 0.863837 -0.971150 -0.822201 0.844705 -1.634613
2 -0.179079 8.953058 -1.135934 -1.161364 -0.330100 -0.883537 -0.699202 -0.873473 -0.444610 0.173433 -0.193102 -0.444608 -1.638238 -1.143242
2 -1.823173 13.962498 -1.087570 -0.613406 -1.078095 -0.387229 -0.898514 -1.271095 -0.983237 -0.781114 -1.480801 -0.802250 -1.561983 -1.194032
2 -2.014708 23.396628 -1.029655 -1.934604 1.967807 -3.470995 -2.632003 0.692434 -2.119226 -2.121890 -3.440487 -2.309477 -2.661095 -2.322730
2 -2.055063 30.053542 -2.090304 -2.869678 -5.063006 -2.515838 -2.110056 -2.419201 -2.740225 -2.351905 -1.091073 -1.252823 -2.534142 -0.960226
2 -0.978322 13.583699 -0.822750 -0.700954 -1.484908 -1.176285 -1.227637 -0.778311 -1.025616 -0.881628 -1.502728 -0.961993 -1.088867 -0.953700
2 -2.369258 27.663875 -2.495285 -1.589640 -0.765831 -1.536835 -1.094507 -1.084008 -1.798081 -1.838816 -4.021464 -2.658238 -3.685655 -2.726256
2 -2.879659 34.987015 -2.057141 -3.240515 -0.461918 -3.390326 -3.818568 -1.225894 -3.520154 -4.198932 -2.653547 -2.381065 -2.027439 -3.131855
11 -0.257468 1.937347 -0.489622 -0.160518 -0.478657 -1.221743 -0.287481 -0.675821 -0.111193 -0.335789 1.984260 0.398219 -0.327907 0.026372
2 -3.198091 14.802896 0.035430 -0.124985 -1.548643 -2.645578 0.229425 -1.316438 -1.601562 0.653674 -1.758032 -2.415084 -1.125588 0.012575
2 -2.039446 20.569740 -1.393205 -1.536525 -0.160669 -0.460771 -2.491604 -1.894188 -1.462014 -1.217182 -1.909631 -1.735653 -2.705928 -1.562922
2 -0.104100 10.283743 -1.214287 -1.018805 -1.148095 0.101706 0.976569 -0.787709 -1.126542 -1.596835 -0.630025 -1.184954 -2.499643 -0.051023
2 -0.355321 23.853923 -1.850301 -2.039113 1.373037 -3.075448 -3.012699 1.017201 -2.814268 -2.280535 -4.235563 -1.040655 -3.026176 -2.514082
14 -0.561615 -0.387454 -0.821485 0.729926 0.459501 -0.102668 -1.081746 -0.188525 -0.185855 -0.726105 0.025727 1.490476 -0.254853 1.604675
2 0.223096 7.505900 -2.356514 -0.868830 7.356402 -1.214773 -3.300278 -2.527197 1.985902 -1.511135 -2.099298 -0.898747 -0.546518 -1.748011
2 -1.027471 31.879264 -2.969578 -1.430948 -4.325011 -3.205784 -1.607864 -3.401214 -2.739832 -2.062880 -0.425616 -3.090613 -2.783340 -2.809113
2 -2.305276 33.074175 -2.600242 -2.180957 -2.786556 -2.281207 -2.673452 -2.748672 -1.729325 -1.931954 -3.071748 -2.705966 -3.265248 -2.793571
2 1.187711 2.834850 -0.560177 -0.948483 1.948570 1.090701 -3.522193 -0.721465 0.553480 -0.706857 -1.062764 1.037927 -0.617379 -0.513921
2 -0.432896 6.690537 -0.667028 -0.708782 1.873095 0.284291 -2.082345 -2.853391 -0.993896 -0.852445 3.875826 -1.110784 -1.051066 -1.971116
6 -3.709083 -5.347931 -5.130976 -3.924616 17.803406 32.473074 -1.976607 -3.080268 -4.557348 -5.383491 -3.544431 -6.372304 -3.126448 -4.122974
11 -2.343609 -0.924990 -1.999944 -2.446425 1.629149 -0.438106 -2.117146 -0.014306 -1.109272 -2.180910 13.941813 -1.118822 -0.980394 0.102963
7 0.171124 -0.955659 0.036820 -0.415147 0.921616 1.294452 2.929876 0.148994 -1.427405 -1.711484 -0.734673 -0.203036 -0.134945 0.079466
11 -2.366568 -2.080421 -1.059687 -2.017510 4.811962 1.122681 -2.006578 -2.406881 -2.444939 -2.511880 14.573493 -1.663865 -1.770192 -0.179613
5 -1.056092 -1.458612 -1.228803 -0.525652 15.736838 -0.638789 -1.357793 -1.964453 -0.265717 -1.252576 -0.929686 -1.758863 -0.764844 -2.534957
5 -1.070251 -0.776611 -0.033660 -0.518982 3.732880 -1.249497 -1.023292 -0.292660 -0.702573 1.051657 -1.007670 -0.638947 -0.316518 2.846124
5 -1.517620 -2.396081 -1.619398 -1.849663 17.521478 -0.976746 0.180142 -1.704913 -1.250751 -1.541570 -1.570238 0.853977 -2.768788 -1.359832
6 0.088361 -0.892657 0.627022 1.628428 -0.839571 2.444102 -2.017063 0.447431 -1.338785 -1.953668 -0.436019 2.235103 -0.381737 0.389054
5 -0.135327 0.296158 -0.449349 -0.376943 3.230518 -0.095434 -0.247435 -0.279441 -0.550908 -0.667357 -0.752267 0.105464 -0.742252 0.664573
5 -1.242587 -2.812267 -1.434145 -0.944589 5.712072 0.561639 -2.036100 3.329191 -2.145991 0.447954 2.911271 -0.547267 -1.769911 -0.029271
14 -1.073084 0.358733 -0.895912 1.494269 -2.118568 0.224613 -0.832242 2.571529 -0.086660 -0.319649 -0.724050 -1.813221 0.629938 2.584303
6 0.854159 -0.397259 0.545236 -0.996403 0.482284 0.964137 -0.369830 0.185558 0.452540 -0.663244 -0.358149 0.565866 0.251036 -1.515931
11 -3.640219 3.587592 -1.679611 -1.546591 3.019696 1.839826 -3.455850 -2.696202 -1.233544 -2.197262 11.558333 -1.568483 0.229167 -2.216854
5 -5.218888 -4.577219 -5.142335 -3.734027 58.530791 -7.249546 -5.908801 -4.008995 -3.423279 -4.622686 -2.600859 -3.177153 -3.964581 -4.902423
5 -2.440029 -1.911213 -0.659225 0.521557 16.569492 -2.320895 -0.540040 -1.617167 -1.186624 -1.568915 -2.466342 -1.964588 0.698131 -1.114144
5 -3.662642 -2.157288 -2.714667 -3.004816 42.047853 -3.497525 -3.414792 -3.744811 -3.284827 -3.993678 -2.797059 -2.568632 -3.286071 -3.921044
5 -2.896707 -2.142977 -1.874248 -0.547867 16.559605 -2.156344 -1.555385 -1.245575 -0.261738 0.138877 -1.730677 -0.426560 -0.060824 -1.799581
5 -3.200542 -3.048769 -3.570867 -2.489900 42.774330 -4.610463 -4.156503 -3.960146 -0.653292 -3.509417 -3.104992 -4.022469 -2.371355 -4.075618
5 -2.047692 -0.762552 -1.633567 -1.052315 20.715150 -1.753978 -1.984590 -2.156690 -1.846410 -1.640865 -0.841279 -2.683554 -2.260597 -0.051062
5 -0.920627 -2.412396 -2.440081 -0.252139 18.576122 -1.483476 -1.227915 -3.305460 -1.882868 -3.137512 -0.815885 -1.365219 2.158888 -1.491432
5 0.690431 -0.689730 -0.683223 -0.366472 4.972762 0.963458 -0.873667 -0.622081 -0.155892 -0.275203 -0.477907 -0.483501 -0.465598 -1.533380
11 -1.527042 -1.877671 -1.584403 -0.067417 -2.943977 -0.276353 -1.120726 -0.162478 -1.174583 -0.715911 13.597037 -1.339756 0.666698 -1.473419
11 -1.968210 -3.655518 -4.417997 -3.797123 -3.275598 -2.815840 -5.986997 -1.814973 -4.464691 -3.544595 47.212341 -3.845573 -3.449987 -4.175238
7 -0.513885 -1.159164 -2.290976 -1.843131 -1.311543 1.598182 7.145440 -1.520034 -0.362385 -0.920982 1.831010 -0.006216 -0.635723 -0.010593
11 -3.280540 -3.185739 -2.645330 -2.532160 -3.742424 -2.841081 -3.908871 -3.236107 -2.835237 -3.439484 42.424157 -2.735993 -3.418182 -4.623009
11 -2.967917 -3.532334 -4.593888 -3.585813 -4.859358 -3.235358 -2.128416 -2.489328 -3.897876 -4.370779 45.319736 -3.062052 -3.419129 -3.177485
11 -0.467048 -0.513566 -0.578598 -0.031241 -0.760064 -0.654020 0.243586 -0.503289 -0.509913 -0.536504 4.125619 -0.380936 0.723285 -0.157311
11 0.177446 0.141266 -0.523949 -0.614700 -0.543295 -0.567912 -1.210086 -0.693961 -1.485146 -0.267648 8.097070 -1.537416 -1.340672 0.369004
1 1.840634 -0.223479 -0.532591 -0.111774 -1.114114 -1.108792 -0.318487 0.763283 -0.294012 -0.018176 1.556643 0.795351 -0.615192 -0.619295
11 0.463046 -0.801057 -1.392283 -1.714801 -2.509541 -0.576932 -0.863263 -1.173477 -1.642395 -2.527781 16.801923 -0.676908 -1.610593 -1.775938
11 -5.393074 -6.803805 -4.397360 -4.789319 -8.131974 -5.522625 -7.375135 -6.589310 -3.698244 -6.700446 76.299383 -4.875419 -5.263634 -6.759034
11 -4.082093 -5.798700 -5.866877 -4.612574 -5.041353 -4.722610 -3.988097 -3.469560 -4.953810 -4.751334 60.156886 -3.522325 -5.266177 -4.081373
11 -2.835172 -3.813804 -1.925545 -2.210646 -1.873409 -0.997217 -3.960373 -2.098495 -2.011260 -2.000061 30.306554 -2.194129 -1.459941 -2.926501
11 -2.025796 -3.027597 -2.107109 -1.432950 -2.513142 -1.974669 -2.204586 -1.520988 -1.880801 -1.838954 25.912142 -1.500977 -1.763720 -2.120852
11 -1.123174 -2.443926 -1.213230 0.636375 2.350708 -1.884955 -2.048528 -0.365784 0.953021 0.163445 6.116882 1.347038 -0.707826 -1.780047
11 -2.603780 -1.796152 -1.953869 -2.403076 -1.607319 -1.520911 -3.457988 -2.210869 -2.155304 -1.935497 27.798687 -2.168812 -1.951620 -2.033489
11 -3.269783 -5.435103 -4.301625 -3.427106 -4.819295 -4.345042 -4.042650 -4.452954 -4.255692 -4.097612 53.559224 -2.574682 -4.176708 -4.360972
11 -4.830435 -5.981392 -4.334088 -5.202028 -7.593824 -6.139503 -2.400932 -6.138345 -5.582803 -6.005616 69.082104 -4.396483 -6.198779 -4.277876
11 -5.593242 -7.560247 -6.309821 -6.261385 -4.661632 -5.078758 -4.724749 -4.921370 -6.277231 -6.102160 75.190374 -5.617426 -5.852652 -6.229698
11 -3.160577 -1.891829 -2.607879 -1.924966 -1.175780 -3.059980 -4.372610 -1.889604 -2.973217 -3.326487 31.295645 -2.673644 -1.479322 -0.759749
11 -2.149356 -2.317656 -1.428940 -2.646980 -1.390786 -1.563698 -2.028350 -3.015847 -1.900584 -3.063134 26.921093 -1.761600 -1.124375 -2.529785
11 -5.880045 -4.816906 -2.377955 -3.798122 -4.500231 -3.970054 -4.967243 -4.817382 -3.288217 -3.615759 55.712659 -3.946342 -5.364774 -4.369630
4 -1.122314 0.046501 -0.285769 6.615084 0.258649 -0.870134 -3.375523 -1.162550 1.382797 -0.718877 -1.263985 0.658705 0.400066 -0.562651
14 -0.391335 0.135324 0.200586 1.048727 -0.706752 -0.414241 0.885134 -0.680342 -0.210582 -1.401586 0.587280 0.556396 -0.737072 1.128465
7 -3.602214 -1.103111 -3.288593 -1.122740 -2.838847 -6.007317 35.823718 -3.592448 3.123746 -2.584069 -3.583446 -3.582182 -3.482752 -4.159744
4 -0.840728 -0.896369 -2.616106 8.825227 1.646925 -1.654086 -4.377414 -1.488181 0.142661 -0.622416 1.194722 0.879093 -0.835757 0.642429
4 -1.482311 -1.426277 -1.210332 6.730030 -0.321185 -1.649079 -1.369046 0.748611 -0.500476 -0.989884 -0.052182 1.668208 0.571770 -0.717848
7 -10.162964 -8.673179 -9.092586 39.611047 -2.203246 -10.065858 66.662198 -9.530067 -9.680733 -9.362348 -8.715864 -9.064727 -10.251116 -9.470557
1 2.875714 -0.494728 -0.385839 -0.339391 -1.459714 -0.682376 -1.018812 -0.259958 -0.062989 -0.491955 -0.049554 -0.348261 0.672655 2.045208
4 -0.771146 -0.286445 0.686556 5.663237 -1.253551 -1.141364 -1.121724 -0.327417 0.294741 -0.706600 -0.448841 -0.445800 -0.351196 0.209550
5 -1.442937 -3.202569 -2.147801 0.578829 17.798896 1.967374 -1.653539 -2.359104 -0.294721 -2.077651 -2.979220 0.117502 -1.263556 -3.041503
6 -1.312099 0.298192 -0.382261 -0.580140 -1.784941 1.681812 -0.545652 0.745608 1.203806 -1.007949 -0.524800 -0.201388 1.548579 0.861234
4 -0.072838 0.241656 -0.894787 4.091217 -0.157900 0.695025 -1.578950 -0.679430 -0.032701 -0.126027 -1.006947 -0.947649 0.886083 -0.416751
8 0.796360 -2.104370 -0.297116 -0.175972 -0.285224 0.030191 -0.174037 4.899818 0.041133 0.548742 -2.130401 -1.336182 -0.581571 0.768629
4 -0.603278 -1.007812 -0.521709 5.529197 0.347813 0.144331 -1.379856 -1.569552 -0.840339 -0.357384 0.210355 -0.303279 -0.864464 1.215977
4 -0.951866 0.294420 -1.535662 3.645174 0.709624 0.028117 -1.273911 0.190742 -0.803587 -0.089062 0.685090 0.205026 -0.430000 -0.674106
6 0.662664 0.264829 0.391324 -0.284604 -0.060006 1.073464 -1.327153 0.110057 0.028247 -0.568887 -0.058418 -0.308869 0.000656 0.076699
4 -0.218833 -0.584358 -1.069171 2.849879 0.328598 -0.705119 0.529328 0.088346 0.350573 -0.435125 -1.124292 -0.109569 0.480150 -0.380407
7 -3.891914 -3.321790 -2.856220 -2.569098 -2.753117 -4.165112 35.089307 -3.527259 1.048214 -3.021775 -1.444804 -2.296951 -3.251409 -3.038072
4 -1.410835 -0.474725 -0.481412 3.718453 3.149741 -1.019963 -1.634584 -0.949972 -0.022235 -1.055272 -1.739770 0.270092 1.908638 -0.258155
1 1.056556 0.621932 -0.489407 0.573266 -0.456326 -0.060377 0.384178 0.244787 -0.270462 0.437848 -0.697150 -0.058939 -0.612655 -0.673251
1 1.660104 -0.590924 -1.058424 0.591038 -0.413420 -0.519812 0.526522 0.267910 -0.923168 0.015770 -0.806125 0.387238 0.208312 0.654979
10 0.154380 -1.430009 -1.165339 0.072729 -1.554684 1.772816 0.601862 0.068618 -0.133418 2.246993 -0.129382 -0.516376 -0.218864 0.230674
9 0.927723 -0.565373 0.247698 0.642216 0.254617 -0.473150 0.062674 -0.109885 0.982452 -0.422999 -0.131646 -0.862117 -0.278880 -0.273331
12 0.674209 -0.199144 -1.105421 -0.639475 0.153560 0.407088 -0.491565 -1.088018 1.993897 -0.893101 -1.634478 3.491254 -0.036265 -0.632541
3 -2.412564 -2.047943 15.274430 -2.285829 -2.158729 -0.213354 3.684815 0.104601 -1.467582 -4.155594 -0.845012 -0.398582 -1.708153 -1.370504
3 0.060677 0.160183 5.185827 0.326238 -1.243288 -1.548670 -0.265418 -1.764693 0.302058 0.803407 -0.553246 -0.596723 -0.636031 -0.230322
3 -0.290707 -0.742416 2.652182 -0.836244 0.179310 -0.664510 -0.035946 -0.192497 -0.779294 -0.169202 0.367634 1.775496 -1.179040 -0.084766
3 -2.511848 -0.256384 7.724018 -0.105539 -1.353390 -0.210359 1.222292 -0.560484 0.071091 -1.042758 0.001109 -1.891970 -0.913015 -0.172764
3 -0.813107 -0.898919 11.151626 -0.273296 -1.055719 -1.267074 -0.303813 -0.507031 -0.171827 -0.954946 -1.309252 -1.008125 -1.140337 -1.448180
9 -0.026644 0.000000 0.000000 -0.192521 0.000000 0.000000 0.000000 -0.027684 0.399521 0.000000 0.000000 -0.026871 -0.098635 -0.027165
8 0.402766 -1.276301 0.152794 -0.554348 -1.915282 -2.518086 -1.020404 5.084318 0.972579 3.636080 0.851127 -0.585598 -3.244514 0.014870
3 0.034963 -1.510765 11.568766 -0.774586 -0.781650 -0.840000 -1.572778 -0.516804 -1.615776 -2.266790 -0.923256 0.420363 -0.614079 -0.607609
3 -0.806428 -3.027266 22.279852 -2.308518 -2.672183 -2.866293 -3.268137 -1.978827 -1.752826 0.271225 -0.797873 1.344353 -2.239616 -2.177464
3 -0.330223 0.419573 5.134011 -1.129406 -0.495719 -0.443504 -0.427524 -0.173689 -1.413370 -0.077504 -0.191420 0.731653 -1.376609 -0.226269
3 -1.622834 -2.151839 20.363503 -0.377409 -1.572641 -1.633931 -2.006734 -1.235360 -1.798211 -2.187492 -1.193384 -1.643516 -1.955405 -0.984746
14 -0.400670 0.035249 -0.517890 0.181107 -0.836726 -0.192792 0.062548 0.257764 -0.920134 0.390988 0.455680 0.042736 -0.862358 2.304498
3 0.044389 -1.406790 11.330375 -0.614034 -0.966820 -1.480717 -0.835501 -0.953902 -0.387558 -1.893174 -1.052893 0.248352 -0.325621 -1.706106
3 -2.194182 -0.299072 7.782936 -1.621407 -1.669731 -0.777095 -0.519573 0.881496 1.572054 -0.140962 1.284362 -1.431588 -1.917368 -0.949869
6 -1.525338 -3.050778 -1.285575 -0.606866 -1.324191 26.979539 -4.399945 -2.993420 -2.291798 -2.447781 -2.543966 0.200631 -3.152752 -1.557758
6 -1.220553 -0.234508 -0.513184 0.039595 -1.394442 6.405771 -1.404588 0.056265 -1.426945 -0.990393 0.334990 -0.968926 0.833669 0.483249
1 4.145811 -2.170071 -1.700128 -1.003873 0.612591 3.073054 -0.209352 -0.203889 -0.553700 -0.179199 -0.240948 -0.637489 -0.231938 -0.700869
6 -5.475958 -5.171990 -8.044738 -8.486705 -8.240826 93.503754 -5.235725 -7.266987 -8.344872 -8.911014 -5.487333 -6.432529 -7.373713 -9.031363
6 -6.427684 -4.630042 -5.150154 -4.310948 -4.220073 64.200749 -5.011132 -5.456973 -5.344970 -5.624733 -4.322418 -4.625449 -4.764199 -4.311972
6 -5.835636 -5.389791 -5.238396 -4.795022 -5.727490 78.006979 -7.679294 -6.315896 -5.458625 -5.565473 -5.905989 -6.029993 -8.020329 -6.045042
6 -6.542561 -6.273561 -6.932393 -5.367374 -4.251728 74.158391 -7.286043 -5.581747 -7.169213 -6.783491 -2.909011 -7.522756 -1.941286 -5.597225
6 -6.644283 -6.362708 -4.970418 -6.140543 -5.728469 82.294333 -6.809246 -7.479010 -5.287864 -5.332834 -5.834135 -6.548623 -8.819273 -6.336922
6 -5.475958 -5.171990 -8.044738 -8.486705 -8.240826 93.503754 -5.235725 -7.266987 -8.344872 -8.911014 -5.487333 -6.432529 -7.373713 -9.031363
6 -1.580929 0.121294 -0.976359 0.082835 0.869516 3.884956 -0.609288 0.248396 0.153891 -0.300315 -0.484471 -0.754435 -1.086367 0.431276
6 -5.129713 -4.559330 -2.468563 -3.790186 -3.861427 36.773513 -0.432330 -2.923272 -1.793201 -4.461807 -1.127382 -2.588909 -0.996261 -2.641128
6 -3.286296 -2.674110 -3.810971 -3.006449 -3.174463 34.727444 -2.581604 -1.529024 -2.990058 -0.953918 -2.416222 -3.043699 -1.694537 -3.566092
6 5.772308 -6.099143 -6.105489 -4.827290 -4.754808 48.804093 -2.764163 -3.703555 -3.534347 -4.092892 -6.607158 -2.919428 -4.528210 -4.639917
6 -6.331880 -4.954715 -4.691109 -6.619161 -4.880579 76.182272 -8.563648 -6.306226 -3.295784 -5.230252 -6.721363 -6.254502 -6.825740 -5.507309
6 -0.190071 -0.885924 0.145930 -0.654887 1.361914 2.529670 0.003080 -0.572981 -0.366454 -0.519164 0.361908 -0.211460 -0.304297 -0.697263
6 -5.064219 -5.713915 -3.993190 -5.635000 -1.880791 54.199624 -4.267569 -4.225276 -5.562264 -4.301077 -1.241893 -6.571855 -3.158517 -2.584056
7 -0.289187 0.336824 -0.038388 -0.287028 0.646050 -0.235135 0.705527 -0.454647 0.238829 -0.377966 0.600187 -0.362770 -0.564403 0.082108
6 -0.655796 -3.052387 -1.884682 -2.584548 -2.498596 19.097327 -2.560051 -1.130853 -1.673908 0.077582 -1.930293 -0.518548 -0.975405 0.290157
6 -5.475958 -5.171990 -8.044738 -8.486705 -8.240826 93.503754 -5.235725 -7.266987 -8.344872 -8.911014 -5.487333 -6.432529 -7.373713 -9.031363
6 -1.594263 0.452742 -0.243739 -0.486713 0.390799 1.883595 0.177405 0.264893 0.427620 -0.993710 -0.110555 0.465474 -0.426075 -0.207472
6 -0.365344 -3.106300 -0.675820 -1.275455 1.380078 7.952846 -2.851979 2.426236 -1.209735 -2.402732 -1.575260 -0.532946 1.235528 1.000883
6 -5.475958 -5.171990 -8.044738 -8.486705 -8.240826 93.503754 -5.235725 -7.266987 -8.344872 -8.911014 -5.487333 -6.432529 -7.373713 -9.031363
6 -1.885291 -1.323147 -1.442235 -1.682585 -1.452623 18.153574 -1.737768 -1.831104 -0.644039 -1.596542 -1.229101 -1.084953 -1.411781 -0.832404
6 -6.166605 -6.067413 -5.417935 -5.719869 -6.558280 74.370707 -6.034636 -5.977232 -5.541490 -5.717856 -4.202929 -6.632586 -5.270156 -5.063716
6 -3.477861 -5.070404 2.596724 -4.140159 -4.921985 49.023185 -4.917517 -4.350809 -2.241829 -3.289347 -4.202076 -5.245136 -4.568585 -5.194199
13 -1.632878 -2.956564 -4.137797 -1.250721 -2.215370 -4.775640 -4.543338 -2.090088 -2.530604 -2.302148 -3.717146 -2.680261 36.966857 -2.134302
13 1.291031 0.274747 -0.346804 -0.495400 0.442468 -2.094323 -0.190923 0.600502 0.191019 -0.208105 -1.311239 -0.201835 2.975445 -0.926583
10 0.541248 -0.252180 -0.360405 -0.193351 0.623335 -0.526777 -0.818634 0.068217 -1.071195 2.212748 0.272643 -0.378628 -0.407715 0.290694
8 -0.472137 0.153303 -0.146262 -0.163256 -0.925594 0.742780 -0.206881 0.987937 -0.164347 -0.058959 0.891990 -0.032095 -0.792829 0.186350
13 -1.622400 -2.468059 -0.154254 1.551320 -0.032747 -1.604016 -0.973325 -0.151240 1.185721 -0.200470 -0.996885 1.123700 3.288529 1.054124
13 -5.364575 -3.156534 -2.482082 -2.270489 -4.153200 -2.083035 -3.407578 -3.780856 -3.202760 -3.132319 -2.154231 -3.587761 42.105533 -3.330113
13 -2.100059 -2.282275 -0.104454 1.435569 0.366049 0.004354 -1.057017 -0.044740 1.226189 0.248796 -1.539407 0.502122 4.397481 -1.052608
1 1.213197 0.858074 0.247028 -0.680640 0.538323 0.198241 0.192661 -0.784344 -0.510333 -0.003643 -0.312993 -0.753507 0.805459 -1.007524
13 -1.393039 -0.704686 -0.901758 -0.284250 0.703113 -2.114075 -1.407245 -0.644348 -0.196008 0.127326 -1.418821 -1.011896 10.601052 -1.355364
13 -0.357308 -0.010418 -2.240991 -0.631287 -2.054556 0.459903 -0.746500 -0.131316 0.391468 0.338500 -0.830932 -0.132348 7.172675 -1.226891
13 -0.590855 0.101746 0.626274 0.708332 -1.558055 -1.739688 0.398206 -0.864320 0.681667 -0.609768 -0.321510 -1.724375 5.637234 -0.744888
13 -1.852985 -1.068461 -0.704159 -0.194599 1.914598 -1.144110 0.124144 -0.568463 0.817167 -1.633031 -0.482505 0.397237 5.214078 -0.818909
13 -2.394200 -4.567797 -2.474029 -2.002729 -3.839271 -2.400365 -3.922939 -2.940033 -1.977430 -2.403656 -3.523679 -2.327126 37.694306 -2.921053
13 -2.199300 -2.222689 -0.347293 -1.093504 -3.138337 -0.316349 -2.697601 -0.408566 -0.279028 -2.842066 -2.799214 -0.100670 19.084929 -0.640311
13 4.442277 -0.241759 -1.467676 -1.374058 -3.286074 -2.085450 -1.950107 -1.828603 -0.759722 -1.340554 -1.458373 2.301131 10.257240 -1.208271
13 -3.077130 -2.631345 -2.654910 4.808819 -2.839448 -2.889332 2.580005 -3.390314 -3.473496 -3.391131 -4.301284 -2.019067 26.582854 -3.304220
13 -2.266091 -1.950124 -0.926763 -1.092771 -1.111849 -1.007757 -2.871140 -1.868887 -0.340970 -2.669057 -1.346782 -3.129806 23.332243 -2.750247
8 -0.213224 1.698270 -1.131436 -0.968783 -4.143802 -0.990661 -1.834327 9.146563 -0.717996 0.520642 -1.471975 -0.652671 1.720987 -0.961587
13 0.446479 -0.416105 -0.706696 0.091983 -0.031554 0.128808 1.357578 0.323569 -0.044264 -0.053287 -1.198908 -0.705599 1.491433 -0.683438
13 -2.322623 -1.990535 -2.308946 -2.338668 -1.952686 -1.331531 -1.040926 -2.413441 -0.249130 -1.999484 -0.585491 -1.761144 21.721972 -1.427367
13 -1.423051 -1.030137 -0.342927 -0.351104 -2.739271 -1.590864 -0.508698 -1.169660 -1.222902 -2.446771 -1.834284 0.873741 13.078744 0.707185
13 -0.150692 0.237096 -0.223229 -0.287012 -0.548894 0.013217 0.517716 0.328140 -0.070626 -0.152577 -0.761818 -0.333436 0.935834 0.496281
13 -0.205304 -0.638549 -0.560190 0.311466 -2.016234 -2.556446 -0.108975 0.625678 -0.809011 -0.711333 -1.092377 -1.601803 10.296949 -0.933871
1 1.095723 -0.354878 0.618646 -0.228418 -0.243598 -0.250030 0.080757 0.394172 -0.070439 -0.042260 -0.228697 -0.894432 0.526497 -0.403043
13 -0.880556 0.088584 0.821867 0.626586 -0.633697 -0.592009 -0.744241 -0.650591 0.425812 -1.832479 -0.872289 0.675328 4.258551 -0.690865
13 -0.700019 -1.720865 -1.460746 -1.195973 -0.247893 -1.639688 -1.068834 -0.340976 -1.488124 -1.116737 -0.506065 -0.767436 13.133935 -0.880579
7 -5.374227 -8.087986 -8.619429 -7.680507 -8.197722 -8.693523 92.041086 -5.592917 -7.103228 -7.275766 -5.779603 -7.042533 -7.148388 -5.445260
7 -0.451608 0.306558 -0.416198 -0.413824 -0.364397 -0.659736 4.977417 -0.393245 -0.814252 -0.434372 0.729096 -0.086129 -0.967420 -1.011890
7 -6.541068 -10.708736 -9.367201 -9.401977 -4.466993 -7.557317 103.273330 -8.171149 -7.057830 -6.919320 -8.466416 -8.918856 -7.675366 -8.021104
5 -0.462971 -0.424155 1.402378 -1.528428 4.211256 0.401051 1.110042 0.495205 -0.831690 -0.011020 -3.316044 -0.862571 -0.302254 0.119202
7 -1.375891 -3.901735 -3.420215 -4.219858 -4.022622 -4.587190 40.000440 -0.912513 -3.701575 -4.064368 -2.281314 -3.507139 -1.992513 -2.013506
7 -0.675216 -0.545623 0.578945 0.410475 0.430138 1.014799 4.193834 -1.030017 -1.153825 -0.467648 -2.666925 -0.700443 -0.421881 1.033387
7 -6.830993 -7.596715 -7.623104 -5.467888 -10.327526 -7.624597 96.756621 -6.934124 -6.800790 -7.210742 -7.687486 -7.590637 -6.738367 -8.323655
7 -0.866584 -1.475602 -0.134145 -0.649833 2.908984 -0.162318 4.039617 -1.146816 -0.021906 -0.060933 -2.378737 0.411236 -1.292205 0.829243
7 -2.108983 -3.110768 -2.212068 -1.759172 -1.537863 -1.730166 26.971248 -1.336185 -1.660893 -2.391674 -2.540775 -2.411828 -2.320409 -1.850464
7 -0.620700 0.636826 -0.990794 -0.743312 -0.919674 -0.052319 6.829566 -1.767036 -0.701585 -0.602514 -1.430798 -0.414990 1.304349 -0.527019
7 -9.006883 -6.115764 -7.119257 -8.885704 -6.760653 -6.451172 94.169985 -7.900395 -7.891139 -6.911061 -9.037708 -6.490436 -5.236841 -6.362977
7 -6.276404 -4.937979 -7.269682 -5.716394 -3.945020 -5.545164 74.610351 -6.032445 -6.790456 -5.472834 -6.582482 -6.603283 -6.355648 -3.082560
7 -6.226557 -6.632137 -7.741004 -7.881201 -10.455476 -6.482928 91.203774 -5.868553 -4.882760 -6.548987 -8.110574 -5.548456 -6.753010 -8.072134
7 -4.428230 -6.409354 -6.370284 -7.025368 -5.555573 -7.913163 89.324884 -8.623719 -6.683075 -6.647619 -8.623039 -7.711826 -5.853095 -7.480542
6 -1.100074 -0.225685 -0.633902 -0.688854 -0.315582 1.791424 -0.573669 -0.439864 -0.027800 -1.160300 1.085181 1.676350 -0.243046 0.855823
7 -5.988892 -5.587527 -5.452116 -5.199041 -5.296816 -6.670865 74.548072 -5.958019 -5.340000 -5.960049 -6.619042 -5.603381 -6.053876 -4.818450
7 -8.141411 -7.124859 -6.744222 -6.210580 -8.828763 -7.256078 93.580175 -6.464775 -7.324252 -8.575886 -7.635783 -5.565879 -6.596050 -7.111638
7 -0.868780 0.215674 -0.261934 0.080825 -0.792540 -0.927813 5.736927 -0.737072 -1.080882 0.289549 -1.134342 0.214117 -0.769980 0.036250
7 -6.438234 -5.895225 -6.470169 -6.271358 -4.957423 -6.463667 76.255831 -5.081328 -5.533494 -5.329194 -6.258362 -5.204000 -5.749131 -6.604247
11 -4.150813 -2.742109 -4.514145 -4.008497 -6.402618 -0.255664 16.021171 -3.319067 -4.558471 -4.350226 26.972216 -3.869367 -1.871217 -2.951191
7 -7.778745 -7.689816 -7.858254 -7.773150 -8.583855 -8.110586 100.339376 -7.435955 -8.261837 -8.314285 -6.529441 -7.663686 -7.641929 -6.697840
7 -6.034808 -6.010911 -5.766966 -4.809871 -5.790496 -6.400479 78.455968 -6.481726 -5.240084 -5.307727 -7.994297 -6.826086 -7.021643 -4.770878
7 -5.844319 -6.987367 -7.377599 -8.350645 -6.474010 -6.742089 87.833912 -6.753663 -6.558942 -7.877050 -5.696314 -7.320148 -5.530893 -6.320875
7 2.784843 -1.875817 -5.133818 -4.612181 -5.724533 -5.796478 54.352098 -4.284815 -4.241519 -4.773777 -4.688034 -4.702159 -5.522888 -5.780923
7 -7.902990 -7.926980 -6.921122 -7.525829 -8.055780 -8.283865 97.146944 -7.926444 -8.834438 -7.926489 -4.864505 -8.357503 -7.873753 -4.747248
12 -0.438713 -0.507211 -0.159145 -0.032803 -2.159535 -0.059686 -0.878917 0.297140 0.543977 0.243686 -0.811868 4.625768 0.888942 -1.551636
13 -0.973500 -1.836679 1.605882 -0.175396 -2.086893 -1.297355 -2.380515 -2.078351 -1.987572 -0.325650 -1.066430 3.212139 10.905888 -1.515568
3 -0.934682 -2.052142 4.823210 -0.601250 -1.862417 3.295664 -0.455852 -1.442692 -1.491420 0.693255 -1.634606 4.621578 -0.438050 -2.520596
7 -0.821347 -1.453119 -1.433849 -1.163450 -0.938882 3.402540 4.307295 -0.354697 -0.923767 -1.677752 -0.365936 1.641879 -0.211820 -0.007094
9 0.708212 0.762355 -0.742568 -0.378770 -1.123950 -1.919248 1.116626 -0.929923 1.961049 -0.501138 -0.167450 1.102748 0.338666 -0.226608
14 -0.276972 -0.221974 -0.168663 -0.121676 -0.255766 -0.142230 -0.022683 -0.355677 -0.057469 0.749041 -0.318739 -0.209399 -0.452849 1.855056
3 -2.747766 0.676449 12.019967 -0.624324 -0.924455 -1.916371 -2.822855 -1.806268 -0.508192 -1.022800 -1.474697 0.947875 -0.750880 0.954318
8 -0.158482 -0.178350 -0.465891 0.028220 -0.374059 -0.504015 -0.417139 2.225002 0.005626 -0.009346 -0.613574 -0.032190 1.428345 -0.934148
12 -1.651611 -0.796477 1.666855 0.850808 0.138823 -0.320733 -0.755759 -1.974698 -0.991076 -1.629218 -0.881783 9.352324 -1.705653 -1.301801
1 1.011981 -0.333795 -0.084581 -0.334925 -0.171338 -0.469142 0.853225 -0.085793 -0.604743 -0.108703 -0.321819 -0.079379 0.715365 0.013646
10 0.292840 0.015057 0.674568 -0.514448 0.165161 -1.405035 0.095348 0.603679 -0.587957 1.385987 -0.808898 0.291030 0.100987 -0.308319
7 -0.569724 -2.381111 -0.116527 -2.329423 3.093694 -0.056727 5.858260 -1.002894 -1.182917 0.155648 -2.730644 2.088965 -1.119223 0.292624
12 -2.479642 -1.133195 1.028299 -1.805695 -0.760434 -0.601482 0.106808 -0.109813 -0.853123 -2.953978 -0.687717 11.707793 -0.851203 -0.606616
12 0.049226 -0.182489 -0.929673 0.074440 0.231553 0.081902 -0.392504 -0.215915 0.109035 0.250104 0.140438 1.447817 -0.493007 -0.170928
12 0.357724 1.585449 -0.230285 0.095003 -0.454558 -0.035628 -0.424944 -1.675981 -0.137767 -0.813335 -0.715121 2.617281 -0.130222 -0.037614
12 -0.562847 -1.727218 -1.304152 -0.683326 -1.542851 -0.478787 0.209302 -2.091952 -1.449752 -0.780426 -2.469233 13.827342 0.525175 -1.471275
5 -0.205109 -1.254264 -2.858087 -1.703139 16.717153 -0.794134 -1.441730 -2.191994 -0.484392 -1.828859 -2.323612 2.629515 -1.721816 -2.539533
12 -1.092744 -1.144082 1.919535 -0.727710 0.506324 0.016955 -1.781907 -0.947408 -0.406633 -0.488294 1.224230 4.976456 -1.584027 -0.470693
12 -0.504959 -2.291697 -0.946761 0.107955 0.190217 -1.259175 1.270513 0.103639 -0.231596 1.461246 -1.110520 4.060703 -0.591360 -0.258205
3 0.907070 1.070369 2.248912 -0.708554 -1.646548 -1.008486 -0.647839 -1.377347 -0.904546 1.102533 -0.548907 1.188605 -0.192098 0.516837
14 0.255814 -0.540950 -0.227761 -0.242339 -0.844349 -1.462613 -0.986294 1.390126 -0.141121 -0.965825 -1.233581 0.624018 -0.040084 4.414960
12 -2.000507 0.327698 -0.117564 -0.760570 -0.888897 -1.390948 0.179507 -0.275317 -0.541735 -1.418906 -1.332207 8.566066 0.202032 -0.548653
12 -0.633997 0.639807 -0.879490 -0.215801 -1.262670 0.068292 -0.359063 -0.202280 -1.139616 0.278671 2.285413 2.619442 -0.748457 -0.450251
14 -1.370243 -1.519811 -2.600761 -1.930331 -2.672195 -1.365707 -0.570627 -2.154525 -1.731984 0.812449 -1.216951 -0.697828 -4.151297 21.169812
14 0.970706 0.576042 0.199479 -0.242538 -1.912169 -0.299154 -0.509538 -1.854704 0.052955 -0.612468 -0.540466 0.303215 -0.313282 4.181922
14 -1.737377 -2.254215 -0.343891 -3.433841 -3.599609 -2.112264 -0.571984 -1.884647 -1.763141 4.489660 -0.885022 -1.611900 -2.078044 17.786275
14 -4.944175 -4.195652 -4.399952 -4.833333 -3.491058 -5.724035 -2.559081 -4.084012 -0.654698 -3.071888 -3.273860 -4.978679 -2.914011 49.124434
2 -1.711369 3.991066 -0.944830 0.934567 -2.167722 -0.116293 -0.989494 -0.957434 -1.038305 -0.448002 0.334742 -0.263549 0.961753 2.414870
14 -0.492601 -1.890987 -1.458092 -0.033767 -0.958035 0.148522 -1.128989 0.080815 -0.402586 0.044182 1.108665 -1.052421 0.278312 5.756982
2 -1.451809 1.992656 -0.638276 0.065890 -0.027870 0.707780 -0.815339 0.479582 -0.811952 -0.632128 0.518707 -0.250364 0.387137 0.475986
12 0.583099 -0.835289 -0.788360 -0.352457 -0.371542 -0.474419 0.128933 -0.572157 -1.044609 -0.626778 0.059949 2.392248 0.375089 1.526294
14 -3.759261 -2.675661 -3.996975 -5.284426 -5.046147 -3.856641 -4.625352 -6.478760 -3.481979 -3.599754 -4.521703 -2.605164 -1.990206 51.922030
14 -1.547485 -2.278473 -1.612800 -2.291593 -1.874269 -2.429495 -1.595985 -1.292563 -1.700542 -1.608346 -2.015933 -2.675852 -1.730543 24.653878
7 -0.675887 -0.168862 -0.778662 -1.093815 -0.350778 0.120165 1.223539 0.140870 0.827158 -0.587809 -0.357748 0.141051 0.400634 1.160146
13 1.227313 -0.131244 -1.034831 0.887844 -0.088720 -0.936485 -1.160235 -0.738099 -1.186452 -0.164972 -0.728708 1.514148 1.682177 0.858265
14 -0.986326 -1.266381 0.052500 0.841230 1.249293 -0.110393 -1.477562 -0.555817 -0.182022 1.517499 -0.624086 -0.052927 -0.284902 1.879894
14 -1.652302 -2.688186 -2.778460 -2.219649 -1.622206 -1.324757 -2.750918 -1.043052 -0.817697 -2.360264 -1.875601 -1.774577 -1.768918 24.676586
5 -0.091611 0.253221 1.231341 1.342705 3.045325 -1.058786 -0.520019 -1.980147 -0.785709 -0.087568 -0.387271 -0.006777 -1.109722 0.155019
7 -1.426269 -0.736090 -1.209346 -1.945205 -0.375490 1.507361 3.763560 -0.500378 -0.892145 -1.390779 1.226183 -0.528041 -1.059625 3.566262
14 -4.274441 -3.448053 -4.083435 -3.100479 -4.543021 -4.482363 -1.797699 -2.590331 -3.526449 -5.049800 -2.904955 -3.493054 -3.404224 46.698304
14 1.974834 -0.810647 -0.636436 -0.181601 -0.172746 -0.751583 -0.404278 0.217488 -0.592329 -0.146781 -0.711806 0.136196 -0.196714 2.276403
14 -1.363434 -1.596403 0.029689 -2.042606 -2.713803 -2.383121 -3.182268 -2.162548 -1.658895 -1.633093 -3.640551 -2.549371 -1.100495 25.996900
14 -0.122705 -0.699236 -0.849966 -0.933513 -1.157242 0.499482 -0.694096 -0.927465 -0.943293 -0.159622 0.692631 0.195600 -0.100434 5.199858
14 -2.362304 -3.248033 -2.888605 -3.057868 -1.470181 -2.768946 -3.645846 -3.244090 -2.619820 -3.102319 -2.683712 -3.179184 -3.261753 37.532661
14 0.546763 -1.288334 -1.236087 0.327109 0.595348 -0.222988 -0.520808 0.846627 -0.328504 -0.950040 0.323463 -0.743840 0.658064 1.993227
8 -0.574018 0.807119 -1.035455 -1.216601 0.786901 -0.663718 -0.407922 4.780522 0.379642 -1.279824 -0.791054 -0.534371 0.273616 -0.524838
8 0.191953 -1.382599 -1.386703 -1.503604 -2.909891 0.351415 -1.131026 14.434642 0.638867 -1.130291 -3.343635 0.392432 -1.395757 -1.825804
5 -1.655931 -1.201883 -1.871820 -2.033488 27.610489 -2.263423 -3.223254 -1.532882 -1.997515 -2.535640 -3.042748 -1.879479 -1.826964 -2.545464
8 -1.744497 -1.489160 -1.988074 -1.641703 -2.066277 -2.026095 -1.092041 21.367967 -1.745289 -1.513984 -2.574818 -1.248904 -0.341062 -1.896063
8 -0.932357 -1.670947 -1.874314 -2.100026 -1.968697 -1.163975 -2.782804 23.558030 -1.755678 -0.965234 -2.351760 -0.081052 -3.748968 -2.162217
9 -0.647271 -0.170012 -0.330440 0.091677 -2.012100 0.429611 -0.386746 -0.403357 1.350583 0.459701 0.952862 -0.644979 0.873761 0.436711
8 -0.034591 -0.606738 0.935823 -1.223183 -0.729650 3.130452 -0.999077 4.687485 -1.318000 -1.330168 -2.032952 -1.730202 2.890212 -1.639412
8 -1.459481 -1.053700 -2.539511 -1.128443 -3.554100 -0.934784 2.016336 14.123196 -1.607214 -0.905690 -1.988858 -0.269615 0.737291 -1.435428
8 0.111713 -0.409516 -0.414096 -0.590791 -0.796066 0.632387 -2.151249 8.401782 -0.167327 -0.995550 -1.466218 -0.387926 -0.654294 -1.112849
8 0.482302 1.005512 -0.269834 -0.757558 -0.162287 1.194580 -1.144420 1.781103 -0.057969 -1.039415 -0.751202 0.742420 -0.611719 -0.411513
8 -1.598140 0.231147 -0.410047 -1.027234 -0.719204 0.882501 -1.104866 3.352240 -1.252212 1.156555 0.640976 -0.394728 -1.314732 1.557743
8 -3.835396 -1.030774 -2.356932 -1.402626 -2.462801 0.650626 -1.379587 25.895239 -2.758698 -3.371238 -2.094780 -2.562271 -1.384083 -1.906679
9 -2.875395 0.994314 0.132858 0.925699 0.282039 -0.188146 -1.164876 0.223737 3.095729 -0.950793 -0.512322 0.951988 0.341651 -1.256485
8 -1.364888 -0.702513 -1.826790 -2.002329 -1.220769 -0.732744 -0.554824 15.851701 -2.333434 -1.979529 -0.119456 -1.925622 -0.634366 -0.454436
2 -2.708590 14.832515 -1.551090 -2.664371 -1.535602 -0.956457 -2.746704 4.446952 0.476681 -1.688386 -1.806600 -1.066320 -2.778324 -0.253704
5 -0.259382 0.490779 -0.212972 0.228326 2.713019 0.071807 -0.777907 -0.183669 -0.292746 -0.439392 -0.968557 0.270213 -0.248662 -0.390857
8 -0.531231 -2.291655 -1.408711 -2.216677 -3.162052 -2.304684 0.796523 16.665872 -0.166685 -3.060963 -1.095324 0.438600 -0.082777 -1.580237
8 -1.005881 -0.195973 -2.382698 -0.814861 -1.130489 -1.886164 0.436862 10.359885 -0.120579 -0.846998 0.070111 -0.627177 -1.614002 -0.242036
6 -1.266927 0.200141 -1.392493 -0.408852 1.186784 2.801980 -1.399991 1.007374 -0.509172 0.479101 -1.311622 -0.061342 0.004273 0.670746
8 -1.970785 0.280617 2.180198 -3.367621 -3.050934 -1.145216 -0.532043 17.382688 -1.167694 -2.000837 -2.697054 0.632415 -2.549010 -1.994725
8 0.717423 2.029476 0.016749 -0.341096 -2.293230 -0.237109 -0.936712 3.504667 -0.565483 0.381799 -1.586813 0.162365 -0.281300 -0.570734
8 -1.291519 -0.277885 0.877149 1.247783 -2.007270 0.485517 -0.900982 5.338571 -0.695088 -1.659989 -0.501950 -1.207730 1.004978 -0.411585
8 -2.861911 0.503035 -2.156929 -0.372018 -0.489859 -0.861674 -1.114418 14.213452 -1.884488 -2.036459 0.914343 -0.926412 -2.637630 -0.289032
4 -1.221963 -1.916128 -0.419999 1.933544 -0.706900 0.203030 0.594668 -0.693852 1.063630 1.420571 -0.928373 0.791629 1.299803 -1.419661
9 -0.097725 -0.189707 -0.162441 -0.464734 0.038792 -0.321980 0.915127 -0.354963 2.660448 -1.154138 -0.459281 0.701101 -0.630096 -0.480404
9 -2.405492 -0.677490 -0.413328 -0.213316 0.430420 0.754983 2.091460 -0.208205 2.145201 -2.242323 0.260596 0.407180 0.604599 -0.534285
10 1.159839 -0.735538 0.059845 -0.127259 0.904289 -0.510277 -0.708303 -0.721023 -0.238977 2.670582 -0.988888 0.858311 0.051653 -1.674254
9 -0.523300 -0.772109 -0.642351 -0.361953 -0.474237 1.056266 -0.091775 -0.554194 2.503138 -0.954446 1.187291 -0.424313 -0.776450 0.828432
13 -0.457338 -0.258133 0.620440 -0.873378 -1.192648 -1.342024 -0.769108 0.302395 0.642779 0.153182 -0.962945 -0.893918 6.267822 -1.237124
13 -1.308670 -0.755237 1.800144 0.258600 -0.405466 -1.844605 -0.786635 -0.516716 1.320616 -0.867904 -0.722104 1.907147 2.850548 -0.929719
12 -2.450879 -0.573660 -0.413811 1.608046 -0.652480 0.744352 -1.524968 -0.649211 1.486358 -1.054738 -0.294923 1.896570 1.198702 0.680644
9 0.040122 -0.088279 -0.098970 -0.430189 -0.242354 0.045792 -0.557190 -1.189515 1.523934 0.914386 -0.858947 0.868567 0.502432 -0.429788
13 -1.215267 -1.282879 -0.617423 0.177068 -0.661986 0.487010 -0.689326 -0.857609 2.462382 -1.620326 0.675740 -0.289012 3.950291 -0.518665
9 -1.593716 -0.360733 -0.268054 1.052650 -0.309315 -0.234472 -0.984647 -0.375445 2.344664 -1.535115 -0.046041 0.873157 2.229430 -0.792360
9 -1.887489 -1.123486 0.512711 -0.312322 -0.566117 -0.460079 -0.206637 -0.693181 3.597982 1.943874 -1.199735 0.056614 -1.002615 1.340481
7 -1.003624 -1.849834 -0.018466 -1.722988 1.142446 2.647683 2.985599 0.256805 0.496103 -0.894539 0.680362 -0.492804 -1.181515 -1.045228
12 -0.066553 -1.267031 -0.233315 1.509357 -0.543801 -0.815123 0.142138 -0.606250 0.236565 0.292526 -0.042288 1.707205 0.848963 -1.162394
3 -2.276966 -0.346936 2.305130 1.081156 -0.753660 0.117995 -1.847678 -1.028244 1.153034 -0.814452 -0.446343 0.236722 1.280550 1.339692
1 0.843818 0.127027 0.086352 -0.501819 0.098010 -0.635266 0.583383 -0.277181 0.175138 0.583166 -1.029672 0.352900 -0.048610 -0.357248
14 0.731034 -0.997443 -1.711743 -0.173865 0.172095 -0.643118 0.070813 -0.819586 0.338244 0.068343 -0.652409 -0.480054 1.217437 2.880253
10 0.295591 -2.674573 -0.342847 1.602817 -1.102560 -2.001590 -1.491226 -0.877942 2.763147 3.068232 -1.718360 0.959210 2.643658 -1.123556
14 0.783757 -0.364622 0.498920 -0.557094 0.608898 0.986551 -1.130854 -0.745300 0.996596 -0.943790 -1.411767 -0.670973 -0.420903 2.370580
